2019-06-27 20:15:17,727 [INFO] Activator:176 - 


2019-06-27 20:15:17,730 [INFO] Activator:177 - !SESSION log4j initialized
2019-06-27 20:15:27,402 [INFO] ApplicationProperties:181 - Using Application install path: C:\ST\STM32CubeIDE_1.0.0\STM32CubeIDE\plugins\com.st.stm32cube.common.mx_1.0.0.201906050926
2019-06-27 20:15:27,422 [INFO] DbMcusXml:68 - Set database path to: C:\ST\STM32CubeIDE_1.0.0\STM32CubeIDE\plugins\com.st.stm32cube.common.mx_1.0.0.201906050926\\db\/mcu/
2019-06-27 20:15:27,427 [INFO] DbBoardsPdsc:54 - Set plugin database path to: C:\ST\STM32CubeIDE_1.0.0\STM32CubeIDE\plugins\com.st.stm32cube.common.mx_1.0.0.201906050926\\db\/plugins/boardmanager/
2019-06-27 20:15:27,427 [INFO] DbMcus:262 - Set plugin images path to: C:\ST\STM32CubeIDE_1.0.0\STM32CubeIDE\plugins\com.st.stm32cube.common.mx_1.0.0.201906050926\\db\/plugins/mcufinder/images/
2019-06-27 20:15:27,428 [INFO] DbBoards:225 - Set plugin images path to: C:\ST\STM32CubeIDE_1.0.0\STM32CubeIDE\plugins\com.st.stm32cube.common.mx_1.0.0.201906050926\\db\/plugins/mcufinder/images/
2019-06-27 20:15:27,430 [INFO] APIGFXSelector:72 - Set database path to: C:\ST\STM32CubeIDE_1.0.0\STM32CubeIDE\plugins\com.st.stm32cube.common.mx_1.0.0.201906050926\\db\/plugins/mcufinder/mcu/
2019-06-27 20:15:27,443 [INFO] DbMcusAds:72 - Set database path to: C:\Users\tribe\.stmcufinder\plugins\mcufinder//mcu/
2019-06-27 20:15:27,444 [INFO] DbMcusDocs:90 - Set database path to: C:\Users\tribe\.stmcufinder\plugins\mcufinder//mcu/
2019-06-27 20:15:27,446 [INFO] DbMcusJson:59 - Set database path to: C:\Users\tribe\.stmcufinder\plugins\mcufinder//mcu/
2019-06-27 20:15:27,447 [INFO] DbBoardsDocs:82 - Set database path to: C:\Users\tribe\.stmcufinder\plugins\mcufinder//mcu/
2019-06-27 20:15:27,448 [INFO] DbBoardsJson:51 - Set database path to: C:\Users\tribe\.stmcufinder\plugins\mcufinder//mcu/
2019-06-27 20:15:27,606 [INFO] CrossReferenceDbSqlite:197 - Set database path to: C:\Users\tribe\.stmcufinder\plugins\mcufinder//mcu/cs/
2019-06-27 20:15:27,698 [INFO] RulesReader:52 - Compatibility file has been processed (156 Rules)
2019-06-27 20:15:27,816 [INFO] MicroXplorer:521 - Detected Java Version = 1.8.0_202
2019-06-27 20:15:27,817 [INFO] DbMcusXml:68 - Set database path to: C:\ST\STM32CubeIDE_1.0.0\STM32CubeIDE\plugins\com.st.stm32cube.common.mx_1.0.0.201906050926\\db\/mcu/
2019-06-27 20:15:27,817 [INFO] DbBoardsPdsc:54 - Set plugin database path to: C:\ST\STM32CubeIDE_1.0.0\STM32CubeIDE\plugins\com.st.stm32cube.common.mx_1.0.0.201906050926\\db\/plugins/boardmanager/
2019-06-27 20:15:27,818 [INFO] DbMcus:262 - Set plugin images path to: C:\ST\STM32CubeIDE_1.0.0\STM32CubeIDE\plugins\com.st.stm32cube.common.mx_1.0.0.201906050926\\db\/plugins/mcufinder/images/
2019-06-27 20:15:27,818 [INFO] DbBoards:225 - Set plugin images path to: C:\ST\STM32CubeIDE_1.0.0\STM32CubeIDE\plugins\com.st.stm32cube.common.mx_1.0.0.201906050926\\db\/plugins/mcufinder/images/
2019-06-27 20:15:27,819 [INFO] APIGFXSelector:72 - Set database path to: C:\ST\STM32CubeIDE_1.0.0\STM32CubeIDE\plugins\com.st.stm32cube.common.mx_1.0.0.201906050926\\db\/plugins/mcufinder/mcu/
2019-06-27 20:15:27,819 [WARN] DbFile:31 - Overriding database path with different value: C:\Users\tribe\.stmcufinder\plugins\mcufinder/ => C:\Users\tribe\.stmcufinder\plugins\mcufinder
2019-06-27 20:15:27,819 [INFO] DbMcusAds:72 - Set database path to: C:\Users\tribe\.stmcufinder\plugins\mcufinder//mcu/
2019-06-27 20:15:27,819 [WARN] DbFile:31 - Overriding database path with different value: C:\Users\tribe\.stmcufinder\plugins\mcufinder/ => C:\Users\tribe\.stmcufinder\plugins\mcufinder
2019-06-27 20:15:27,829 [INFO] DbMcusDocs:90 - Set database path to: C:\Users\tribe\.stmcufinder\plugins\mcufinder//mcu/
2019-06-27 20:15:27,829 [WARN] DbFile:31 - Overriding database path with different value: C:\Users\tribe\.stmcufinder\plugins\mcufinder/ => C:\Users\tribe\.stmcufinder\plugins\mcufinder
2019-06-27 20:15:27,829 [INFO] DbMcusJson:59 - Set database path to: C:\Users\tribe\.stmcufinder\plugins\mcufinder//mcu/
2019-06-27 20:15:27,830 [WARN] DbFile:31 - Overriding database path with different value: C:\Users\tribe\.stmcufinder\plugins\mcufinder/ => C:\Users\tribe\.stmcufinder\plugins\mcufinder
2019-06-27 20:15:27,830 [INFO] DbBoardsDocs:82 - Set database path to: C:\Users\tribe\.stmcufinder\plugins\mcufinder//mcu/
2019-06-27 20:15:27,830 [WARN] DbFile:31 - Overriding database path with different value: C:\Users\tribe\.stmcufinder\plugins\mcufinder/ => C:\Users\tribe\.stmcufinder\plugins\mcufinder
2019-06-27 20:15:27,830 [INFO] DbBoardsJson:51 - Set database path to: C:\Users\tribe\.stmcufinder\plugins\mcufinder//mcu/
2019-06-27 20:15:27,831 [WARN] DbFile:31 - Overriding database path with different value: C:\Users\tribe\.stmcufinder\plugins\mcufinder/ => C:\Users\tribe\.stmcufinder\plugins\mcufinder
2019-06-27 20:15:27,831 [WARN] DbFile:31 - Overriding database path with different value: C:\Users\tribe\.stmcufinder\plugins\mcufinder/ => C:\Users\tribe\.stmcufinder\plugins\mcufinder
2019-06-27 20:15:27,833 [INFO] CrossReferenceDbSqlite:197 - Set database path to: C:\Users\tribe\.stmcufinder\plugins\mcufinder//mcu/cs/
2019-06-27 20:15:27,913 [INFO] MainPanel:211 - HeapMemory: 289406976
2019-06-27 20:15:28,007 [INFO] DbMcusXml:68 - Set database path to: C:\ST\STM32CubeIDE_1.0.0\STM32CubeIDE\plugins\com.st.stm32cube.common.mx_1.0.0.201906050926\\db\/mcu/
2019-06-27 20:15:28,008 [INFO] DbBoardsPdsc:54 - Set plugin database path to: C:\ST\STM32CubeIDE_1.0.0\STM32CubeIDE\plugins\com.st.stm32cube.common.mx_1.0.0.201906050926\\db\/plugins/boardmanager/
2019-06-27 20:15:28,008 [INFO] DbMcus:262 - Set plugin images path to: C:\ST\STM32CubeIDE_1.0.0\STM32CubeIDE\plugins\com.st.stm32cube.common.mx_1.0.0.201906050926\\db\/plugins/mcufinder/images/
2019-06-27 20:15:28,008 [INFO] DbBoards:225 - Set plugin images path to: C:\ST\STM32CubeIDE_1.0.0\STM32CubeIDE\plugins\com.st.stm32cube.common.mx_1.0.0.201906050926\\db\/plugins/mcufinder/images/
2019-06-27 20:15:28,008 [INFO] APIGFXSelector:72 - Set database path to: C:\ST\STM32CubeIDE_1.0.0\STM32CubeIDE\plugins\com.st.stm32cube.common.mx_1.0.0.201906050926\\db\/plugins/mcufinder/mcu/
2019-06-27 20:15:28,009 [WARN] DbFile:31 - Overriding database path with different value: C:\Users\tribe\.stmcufinder\plugins\mcufinder/ => C:\Users\tribe\.stmcufinder\plugins\mcufinder
2019-06-27 20:15:28,009 [INFO] DbMcusAds:72 - Set database path to: C:\Users\tribe\.stmcufinder\plugins\mcufinder//mcu/
2019-06-27 20:15:28,009 [WARN] DbFile:31 - Overriding database path with different value: C:\Users\tribe\.stmcufinder\plugins\mcufinder/ => C:\Users\tribe\.stmcufinder\plugins\mcufinder
2019-06-27 20:15:28,010 [INFO] DbMcusDocs:90 - Set database path to: C:\Users\tribe\.stmcufinder\plugins\mcufinder//mcu/
2019-06-27 20:15:28,010 [WARN] DbFile:31 - Overriding database path with different value: C:\Users\tribe\.stmcufinder\plugins\mcufinder/ => C:\Users\tribe\.stmcufinder\plugins\mcufinder
2019-06-27 20:15:28,010 [INFO] DbMcusJson:59 - Set database path to: C:\Users\tribe\.stmcufinder\plugins\mcufinder//mcu/
2019-06-27 20:15:28,010 [WARN] DbFile:31 - Overriding database path with different value: C:\Users\tribe\.stmcufinder\plugins\mcufinder/ => C:\Users\tribe\.stmcufinder\plugins\mcufinder
2019-06-27 20:15:28,010 [INFO] DbBoardsDocs:82 - Set database path to: C:\Users\tribe\.stmcufinder\plugins\mcufinder//mcu/
2019-06-27 20:15:28,011 [WARN] DbFile:31 - Overriding database path with different value: C:\Users\tribe\.stmcufinder\plugins\mcufinder/ => C:\Users\tribe\.stmcufinder\plugins\mcufinder
2019-06-27 20:15:28,011 [INFO] DbBoardsJson:51 - Set database path to: C:\Users\tribe\.stmcufinder\plugins\mcufinder//mcu/
2019-06-27 20:15:28,011 [WARN] DbFile:31 - Overriding database path with different value: C:\Users\tribe\.stmcufinder\plugins\mcufinder/ => C:\Users\tribe\.stmcufinder\plugins\mcufinder
2019-06-27 20:15:28,011 [WARN] DbFile:31 - Overriding database path with different value: C:\Users\tribe\.stmcufinder\plugins\mcufinder/ => C:\Users\tribe\.stmcufinder\plugins\mcufinder
2019-06-27 20:15:28,012 [INFO] CrossReferenceDbSqlite:197 - Set database path to: C:\Users\tribe\.stmcufinder\plugins\mcufinder//mcu/cs/
2019-06-27 20:15:28,033 [INFO] ApplicationProperties:181 - Using Application install path: C:\ST\STM32CubeIDE_1.0.0\STM32CubeIDE\plugins\com.st.stm32cube.common.mx_1.0.0.201906050926
2019-06-27 20:15:28,035 [INFO] PluginManage:178 - Search for loadable plugins [exclusion list=]
2019-06-27 20:15:28,037 [INFO] PluginManage:292 - Check plugin analytics
2019-06-27 20:15:28,044 [INFO] PluginManage:342 - Loaded plugin analytics (category:tool,tabindex:-1)
2019-06-27 20:15:28,044 [INFO] PluginManage:292 - Check plugin clock
2019-06-27 20:15:28,056 [INFO] PluginManage:342 - Loaded plugin clock (category:base,tabindex:2)
2019-06-27 20:15:28,056 [INFO] PluginManage:292 - Check plugin ddr
2019-06-27 20:15:28,063 [INFO] PluginManage:342 - Loaded plugin ddr (category:tool,tabindex:6)
2019-06-27 20:15:28,063 [INFO] PluginManage:292 - Check plugin filemanager
2019-06-27 20:15:28,183 [INFO] PluginManage:342 - Loaded plugin filemanager (category:base,tabindex:10)
2019-06-27 20:15:28,183 [INFO] PluginManage:292 - Check plugin ipmanager
2019-06-27 20:15:28,194 [INFO] PluginManage:342 - Loaded plugin ipmanager (category:base,tabindex:5)
2019-06-27 20:15:28,194 [INFO] PluginManage:292 - Check plugin pinoutandconfiguration
2019-06-27 20:15:28,205 [INFO] PluginManage:342 - Loaded plugin pinoutandconfiguration (category:base,tabindex:1)
2019-06-27 20:15:28,205 [INFO] PluginManage:292 - Check plugin pinoutconfig
2019-06-27 20:15:28,229 [INFO] PluginManage:342 - Loaded plugin pinoutconfig (category:base,tabindex:0)
2019-06-27 20:15:28,229 [INFO] PluginManage:292 - Check plugin power
2019-06-27 20:15:28,237 [INFO] PluginManage:342 - Loaded plugin power (category:power,tabindex:4)
2019-06-27 20:15:28,238 [INFO] PluginManage:292 - Check plugin projectmanager
2019-06-27 20:15:28,255 [INFO] PluginManage:342 - Loaded plugin projectmanager (category:projectmanager,tabindex:3)
2019-06-27 20:15:28,256 [INFO] PluginManage:292 - Check plugin thirdparty
2019-06-27 20:15:28,280 [INFO] ThirdPartyDb:293 - Open Third Party DataBase File (C:/Users/tribe/.stm32cubemx/plugins/thirdparty/db/thirdparties_db.xml) : 0 ms. number of Sw pack : 0
2019-06-27 20:15:28,294 [INFO] PluginManage:342 - Loaded plugin thirdparty (category:base,tabindex:-1)
2019-06-27 20:15:28,294 [INFO] PluginManage:292 - Check plugin tools
2019-06-27 20:15:28,298 [INFO] PluginManage:342 - Loaded plugin tools (category:base,tabindex:7)
2019-06-27 20:15:28,298 [INFO] PluginManage:292 - Check plugin updater
2019-06-27 20:15:28,314 [INFO] PluginManage:342 - Loaded plugin updater (category:base,tabindex:12)
2019-06-27 20:15:28,315 [INFO] PluginManage:265 - PluginManage : Loaded plugins [12]
2019-06-27 20:15:28,527 [INFO] PinOutPanel:1361 - setPackage(No Configuration,No Configuration)
2019-06-27 20:15:28,604 [INFO] PluginManager:200 - loadIPPluginJar : add adc
2019-06-27 20:15:28,607 [INFO] PluginManager:200 - loadIPPluginJar : add aes
2019-06-27 20:15:28,610 [INFO] PluginManager:200 - loadIPPluginJar : add can
2019-06-27 20:15:28,613 [INFO] PluginManager:200 - loadIPPluginJar : add comp
2019-06-27 20:15:28,616 [INFO] PluginManager:200 - loadIPPluginJar : add cryp
2019-06-27 20:15:28,619 [INFO] PluginManager:200 - loadIPPluginJar : add dfsdm
2019-06-27 20:15:28,625 [INFO] PluginManager:200 - loadIPPluginJar : add dma
2019-06-27 20:15:28,627 [INFO] PluginManager:200 - loadIPPluginJar : add fatfs
2019-06-27 20:15:28,632 [INFO] PluginManager:200 - loadIPPluginJar : add fmc
2019-06-27 20:15:28,639 [INFO] PluginManager:200 - loadIPPluginJar : add freertos
2019-06-27 20:15:28,641 [INFO] PluginManager:200 - loadIPPluginJar : add genericplugin
2019-06-27 20:15:28,644 [INFO] PluginManager:200 - loadIPPluginJar : add gfxmmu
2019-06-27 20:15:28,646 [INFO] PluginManager:200 - loadIPPluginJar : add gfxsimulator
2019-06-27 20:15:28,652 [INFO] PluginManager:200 - loadIPPluginJar : add gic
2019-06-27 20:15:28,656 [INFO] PluginManager:200 - loadIPPluginJar : add gpio
2019-06-27 20:15:28,659 [INFO] PluginManager:200 - loadIPPluginJar : add hash
2019-06-27 20:15:28,662 [INFO] PluginManager:200 - loadIPPluginJar : add i2c
2019-06-27 20:15:28,665 [INFO] PluginManager:200 - loadIPPluginJar : add i2s
2019-06-27 20:15:28,668 [INFO] PluginManager:200 - loadIPPluginJar : add ipddr
2019-06-27 20:15:28,671 [INFO] PluginManager:200 - loadIPPluginJar : add ltdc
2019-06-27 20:15:28,674 [INFO] PluginManager:200 - loadIPPluginJar : add mdma
2019-06-27 20:15:28,679 [INFO] PluginManager:200 - loadIPPluginJar : add nvic
2019-06-27 20:15:28,683 [INFO] PluginManager:200 - loadIPPluginJar : add opamp
2019-06-27 20:15:28,686 [INFO] PluginManager:200 - loadIPPluginJar : add pdm2pcm
2019-06-27 20:15:28,694 [INFO] PluginManager:200 - loadIPPluginJar : add plateformsettings
2019-06-27 20:15:28,696 [INFO] PluginManager:200 - loadIPPluginJar : add quadspi
2019-06-27 20:15:28,700 [INFO] PluginManager:200 - loadIPPluginJar : add resmgrutility
2019-06-27 20:15:28,704 [INFO] PluginManager:200 - loadIPPluginJar : add sai
2019-06-27 20:15:28,707 [INFO] PluginManager:200 - loadIPPluginJar : add spi
2019-06-27 20:15:28,710 [INFO] PluginManager:200 - loadIPPluginJar : add stm32_wpan
2019-06-27 20:15:28,713 [INFO] PluginManager:200 - loadIPPluginJar : add tim
2019-06-27 20:15:28,717 [INFO] PluginManager:200 - loadIPPluginJar : add touchsensing
2019-06-27 20:15:28,719 [INFO] PluginManager:200 - loadIPPluginJar : add tracer_emb
2019-06-27 20:15:28,721 [INFO] PluginManager:200 - loadIPPluginJar : add ts
2019-06-27 20:15:28,724 [INFO] PluginManager:200 - loadIPPluginJar : add tsc
2019-06-27 20:15:28,726 [INFO] PluginManager:200 - loadIPPluginJar : add ucpd
2019-06-27 20:15:28,729 [INFO] PluginManager:200 - loadIPPluginJar : add usart
2019-06-27 20:15:29,540 [FATAL] Updater:277 - Updater called before beeing initialized
2019-06-27 20:15:29,674 [FATAL] Updater:277 - Updater called before beeing initialized
2019-06-27 20:15:29,676 [INFO] PinOutPanel:1361 - setPackage(No Configuration,No Configuration)
2019-06-27 20:15:29,676 [FATAL] Updater:277 - Updater called before beeing initialized
2019-06-27 20:15:29,685 [INFO] Updater:860 - Updater Version found : 5.2.1
2019-06-27 20:15:29,697 [INFO] ApplicationProperties:181 - Using Application install path: C:\ST\STM32CubeIDE_1.0.0\STM32CubeIDE\plugins\com.st.stm32cube.common.mx_1.0.0.201906050926
2019-06-27 20:15:30,894 [INFO] MainUpdater:2032 - connection check result : 10
2019-06-27 20:15:30,899 [INFO] MainUpdater:223 - Updater Check For Update Now.
2019-06-27 20:15:30,900 [INFO] MicroXplorer:401 - Change Database Version : DB.5.0.21
2019-06-27 20:15:30,912 [WARN] CheckServerUpdateThread:167 - Error reading file: updaterThirdParties.xml
2019-06-27 20:15:30,918 [WARN] CheckServerUpdateThread:84 - Open Updater Control File Fail
2019-06-27 20:15:30,924 [INFO] CheckServerUpdateThread:121 - End of CheckServer Thread
2019-06-27 20:15:31,105 [INFO] MainUpdater:2032 - connection check result : 10
2019-06-27 20:15:31,106 [INFO] LogOutputStream:68 - [STDOUT_REDIRECT] Successfull proxy connection.
2019-06-27 20:15:31,243 [INFO] McuFinderGlobals:40 - Set McuFinder mode to 2 (CubeIDE integrated)
2019-06-27 20:15:31,255 [INFO] FinderPluginLoader:85 - Searching for filters in installed packs
2019-06-27 20:15:31,256 [INFO] DbMcusXml:106 - Load MCU database from C:\ST\STM32CubeIDE_1.0.0\STM32CubeIDE\plugins\com.st.stm32cube.common.mx_1.0.0.201906050926\\db\/mcu/families.xml
2019-06-27 20:15:31,296 [INFO] IntegrityCheckThread:94 - End integrity checks thread
2019-06-27 20:15:31,297 [INFO] ThirdPartyDb:263 - Close Third Party DataBase File (C:/Users/tribe/.stm32cubemx/plugins/thirdparty/db/thirdparties_db.xml)
2019-06-27 20:15:31,939 [INFO] DbMcusJson:87 - JSON generation date=Thu Jun 13 05:55:58 PDT 2019 (1560430558)
2019-06-27 20:15:32,821 [INFO] DbMcus:192 - Found 1486 MCUs (1445 are supported by CubeMX, 1445 are visible in CubeMX)
2019-06-27 20:15:32,822 [INFO] ApiDb:158 - Load user favorites file C:\Users\tribe/.stm32cubeide/favorites.mcus.txt: 0 item(s)
2019-06-27 20:15:32,822 [INFO] ApiDb:163 - User favorites MCUs=[]
2019-06-27 20:15:32,822 [INFO] DbMcus:203 - Set 0 / 0 favorites MCUs
2019-06-27 20:15:33,506 [INFO] DbMcusAds:130 - JSON generation date=Wed Feb 20 08:46:15 PST 2019 (1550681175)
2019-06-27 20:15:33,508 [INFO] LoadUrlFilesThread:147 - End of LoadServerUrlFiles without Thread
2019-06-27 20:15:33,526 [INFO] McuDetailPanel:180 - Set advertising image to C:/Users/tribe/STM32Cube/Repository/\PRSTM32MP10219-01-med.jpg
2019-06-27 20:15:35,166 [INFO] ServerAccessManage:347 - Download File mcusDocs.json
2019-06-27 20:15:35,744 [INFO] LoadUrlFilesThread:129 - End of LoadUrlFiles Thread
2019-06-27 20:15:42,400 [INFO] ServerAccessManage:347 - Download File mcusFeaturesAndDescription.json
2019-06-27 20:15:44,443 [INFO] LoadUrlFilesThread:129 - End of LoadUrlFiles Thread
2019-06-27 20:15:44,851 [INFO] ServerAccessManage:347 - Download File mcusAds.json
2019-06-27 20:15:44,896 [INFO] LoadUrlFilesThread:129 - End of LoadUrlFiles Thread
2019-06-27 20:15:46,473 [INFO] ServerAccessManage:347 - Download File boardsDocs.json
2019-06-27 20:15:46,818 [INFO] LoadUrlFilesThread:129 - End of LoadUrlFiles Thread
2019-06-27 20:15:47,320 [INFO] ServerAccessManage:347 - Download File boards.json
2019-06-27 20:15:47,830 [INFO] LoadUrlFilesThread:129 - End of LoadUrlFiles Thread
2019-06-27 20:15:48,326 [INFO] ServerAccessManage:347 - Download File crdb.zip
2019-06-27 20:15:49,190 [INFO] FileExtend:190 - Unzip File : crdb.zip
2019-06-27 20:15:49,192 [INFO] FileExtend:205 - Standard Zip Deflate
2019-06-27 20:15:49,223 [INFO] LoadUrlFilesThread:129 - End of LoadUrlFiles Thread
2019-06-27 20:15:49,228 [INFO] DbMcusDocs:127 - JSON generation date=Fri Jun 21 03:28:09 PDT 2019 (1561112889)
2019-06-27 20:15:49,332 [INFO] DbMcusDocs:59 - Found 503 MCUs documents
2019-06-27 20:15:49,333 [INFO] ApiDb:186 - Save user favorites file C:\Users\tribe/.stm32cubeide/favorites.mcus.txt: 0 item(s)
2019-06-27 20:15:49,333 [INFO] ApiDb:191 - User favorites MCUs=[]
2019-06-27 20:15:49,333 [INFO] DbMcusXml:106 - Load MCU database from C:\ST\STM32CubeIDE_1.0.0\STM32CubeIDE\plugins\com.st.stm32cube.common.mx_1.0.0.201906050926\\db\/mcu/families.xml
2019-06-27 20:15:49,747 [INFO] DbMcusJson:87 - JSON generation date=Fri Jun 21 03:28:09 PDT 2019 (1561112889)
2019-06-27 20:15:50,503 [INFO] DbMcus:192 - Found 1486 MCUs (1445 are supported by CubeMX, 1445 are visible in CubeMX)
2019-06-27 20:15:50,503 [INFO] ApiDb:158 - Load user favorites file C:\Users\tribe/.stm32cubeide/favorites.mcus.txt: 0 item(s)
2019-06-27 20:15:50,504 [INFO] ApiDb:163 - User favorites MCUs=[]
2019-06-27 20:15:50,504 [INFO] DbMcus:203 - Set 0 / 0 favorites MCUs
2019-06-27 20:15:50,558 [INFO] McuFilterPanel:282 - Update 0 favorites MCUs
2019-06-27 20:15:50,791 [INFO] DbBoardsDocs:119 - JSON generation date=Fri Jun 21 03:28:09 PDT 2019 (1561112889)
2019-06-27 20:15:50,802 [INFO] DbBoardsPdsc:92 - Found 18 items
2019-06-27 20:15:50,804 [INFO] DbBoardsPdsc:92 - Found 9 items
2019-06-27 20:15:50,809 [INFO] DbBoardsPdsc:92 - Found 27 items
2019-06-27 20:15:50,811 [INFO] DbBoardsPdsc:92 - Found 1 items
2019-06-27 20:15:50,817 [INFO] DbBoardsPdsc:92 - Found 35 items
2019-06-27 20:15:50,824 [INFO] DbBoardsPdsc:92 - Found 37 items
2019-06-27 20:15:50,850 [INFO] DbBoardsJson:79 - JSON generation date=Fri Jun 21 04:52:52 PDT 2019 (1561117972)
2019-06-27 20:15:50,853 [INFO] DbBoards:120 - Found 127 boards (126 are supported by CubeMX)
2019-06-27 20:15:50,853 [WARN] DbBoards:145 - board NUCLEO-F303ZE / document id not found: 3602
2019-06-27 20:15:50,854 [WARN] DbBoards:145 - board NUCLEO-F303ZE / document id not found: 3989
2019-06-27 20:15:50,854 [WARN] DbBoards:145 - board NUCLEO-F303ZE / document id not found: 4166
2019-06-27 20:15:50,854 [WARN] DbBoards:149 - board NUCLEO-F303ZE has no document !
2019-06-27 20:15:50,854 [WARN] DbBoards:145 - board NUCLEO-F207ZG / document id not found: 3602
2019-06-27 20:15:50,854 [WARN] DbBoards:145 - board NUCLEO-F207ZG / document id not found: 3989
2019-06-27 20:15:50,854 [WARN] DbBoards:145 - board NUCLEO-F207ZG / document id not found: 4166
2019-06-27 20:15:50,854 [WARN] DbBoards:149 - board NUCLEO-F207ZG has no document !
2019-06-27 20:15:50,854 [WARN] DbBoards:145 - board NUCLEO-F429ZI / document id not found: 3602
2019-06-27 20:15:50,854 [WARN] DbBoards:145 - board NUCLEO-F429ZI / document id not found: 3989
2019-06-27 20:15:50,854 [WARN] DbBoards:145 - board NUCLEO-F429ZI / document id not found: 4166
2019-06-27 20:15:50,854 [WARN] DbBoards:149 - board NUCLEO-F429ZI has no document !
2019-06-27 20:15:50,855 [WARN] DbBoards:145 - board NUCLEO-F446ZE / document id not found: 3602
2019-06-27 20:15:50,855 [WARN] DbBoards:145 - board NUCLEO-F446ZE / document id not found: 3989
2019-06-27 20:15:50,855 [WARN] DbBoards:145 - board NUCLEO-F446ZE / document id not found: 4166
2019-06-27 20:15:50,855 [WARN] DbBoards:149 - board NUCLEO-F446ZE has no document !
2019-06-27 20:15:50,855 [WARN] DbBoards:145 - board NUCLEO-F746ZG / document id not found: 3602
2019-06-27 20:15:50,855 [WARN] DbBoards:145 - board NUCLEO-F746ZG / document id not found: 3989
2019-06-27 20:15:50,855 [WARN] DbBoards:145 - board NUCLEO-F746ZG / document id not found: 4166
2019-06-27 20:15:50,855 [WARN] DbBoards:149 - board NUCLEO-F746ZG has no document !
2019-06-27 20:15:50,855 [WARN] DbBoards:145 - board NUCLEO-F767ZI / document id not found: 3602
2019-06-27 20:15:50,855 [WARN] DbBoards:145 - board NUCLEO-F767ZI / document id not found: 3989
2019-06-27 20:15:50,855 [WARN] DbBoards:145 - board NUCLEO-F767ZI / document id not found: 4166
2019-06-27 20:15:50,856 [WARN] DbBoards:149 - board NUCLEO-F767ZI has no document !
2019-06-27 20:15:50,856 [WARN] DbBoards:145 - board NUCLEO-F412ZG / document id not found: 3602
2019-06-27 20:15:50,856 [WARN] DbBoards:145 - board NUCLEO-F412ZG / document id not found: 3989
2019-06-27 20:15:50,856 [WARN] DbBoards:145 - board NUCLEO-F412ZG / document id not found: 4166
2019-06-27 20:15:50,856 [WARN] DbBoards:149 - board NUCLEO-F412ZG has no document !
2019-06-27 20:15:50,856 [WARN] DbBoards:145 - board NUCLEO-F413ZH / document id not found: 3602
2019-06-27 20:15:50,856 [WARN] DbBoards:145 - board NUCLEO-F413ZH / document id not found: 3989
2019-06-27 20:15:50,856 [WARN] DbBoards:145 - board NUCLEO-F413ZH / document id not found: 4166
2019-06-27 20:15:50,857 [WARN] DbBoards:149 - board NUCLEO-F413ZH has no document !
2019-06-27 20:15:50,857 [WARN] DbBoards:145 - board NUCLEO-L496ZG / document id not found: 3602
2019-06-27 20:15:50,857 [WARN] DbBoards:145 - board NUCLEO-L496ZG / document id not found: 4165
2019-06-27 20:15:50,857 [WARN] DbBoards:145 - board NUCLEO-L496ZG / document id not found: 4166
2019-06-27 20:15:50,857 [WARN] DbBoards:149 - board NUCLEO-L496ZG has no document !
2019-06-27 20:15:50,857 [WARN] DbBoards:145 - board NUCLEO-L496ZG-P / document id not found: 3602
2019-06-27 20:15:50,857 [WARN] DbBoards:145 - board NUCLEO-L496ZG-P / document id not found: 4165
2019-06-27 20:15:50,857 [WARN] DbBoards:145 - board NUCLEO-L496ZG-P / document id not found: 4166
2019-06-27 20:15:50,857 [WARN] DbBoards:149 - board NUCLEO-L496ZG-P has no document !
2019-06-27 20:15:50,858 [WARN] DbBoards:145 - board NUCLEO-L4R5ZI / document id not found: 3602
2019-06-27 20:15:50,858 [WARN] DbBoards:145 - board NUCLEO-L4R5ZI / document id not found: 4165
2019-06-27 20:15:50,858 [WARN] DbBoards:145 - board NUCLEO-L4R5ZI / document id not found: 4166
2019-06-27 20:15:50,858 [WARN] DbBoards:149 - board NUCLEO-L4R5ZI has no document !
2019-06-27 20:15:50,858 [WARN] DbBoards:145 - board NUCLEO-L4R5ZI-P / document id not found: 3602
2019-06-27 20:15:50,858 [WARN] DbBoards:145 - board NUCLEO-L4R5ZI-P / document id not found: 4165
2019-06-27 20:15:50,858 [WARN] DbBoards:145 - board NUCLEO-L4R5ZI-P / document id not found: 4166
2019-06-27 20:15:50,858 [WARN] DbBoards:149 - board NUCLEO-L4R5ZI-P has no document !
2019-06-27 20:15:50,858 [WARN] DbBoards:145 - board NUCLEO-F722ZE / document id not found: 3602
2019-06-27 20:15:50,858 [WARN] DbBoards:145 - board NUCLEO-F722ZE / document id not found: 3989
2019-06-27 20:15:50,858 [WARN] DbBoards:145 - board NUCLEO-F722ZE / document id not found: 4166
2019-06-27 20:15:50,858 [WARN] DbBoards:149 - board NUCLEO-F722ZE has no document !
2019-06-27 20:15:50,859 [WARN] DbBoards:145 - board NUCLEO-H743ZI / document id not found: 3602
2019-06-27 20:15:50,859 [WARN] DbBoards:145 - board NUCLEO-H743ZI / document id not found: 3989
2019-06-27 20:15:50,859 [WARN] DbBoards:145 - board NUCLEO-H743ZI / document id not found: 4166
2019-06-27 20:15:50,859 [WARN] DbBoards:145 - board NUCLEO-H743ZI / document id not found: 4418
2019-06-27 20:15:50,859 [WARN] DbBoards:149 - board NUCLEO-H743ZI has no document !
2019-06-27 20:15:50,859 [WARN] DbBoards:130 - board NUCLEO-H743ZI2 has no document id list !
2019-06-27 20:15:50,859 [WARN] DbBoards:145 - board NUCLEO-H753ZI / document id not found: 4166
2019-06-27 20:15:50,859 [WARN] DbBoards:145 - board NUCLEO-H753ZI / document id not found: 4418
2019-06-27 20:15:50,859 [WARN] DbBoards:149 - board NUCLEO-H753ZI has no document !
2019-06-27 20:15:50,859 [WARN] DbBoards:145 - board NUCLEO-H745ZI-Q / document id not found: 4166
2019-06-27 20:15:50,859 [WARN] DbBoards:145 - board NUCLEO-H745ZI-Q / document id not found: 4419
2019-06-27 20:15:50,860 [WARN] DbBoards:149 - board NUCLEO-H745ZI-Q has no document !
2019-06-27 20:15:50,860 [WARN] DbBoards:145 - board NUCLEO-H755ZI-Q / document id not found: 4166
2019-06-27 20:15:50,860 [WARN] DbBoards:145 - board NUCLEO-H755ZI-Q / document id not found: 4419
2019-06-27 20:15:50,860 [WARN] DbBoards:149 - board NUCLEO-H755ZI-Q has no document !
2019-06-27 20:15:50,860 [WARN] DbBoards:145 - board NUCLEO-F042K6 / document id not found: 3602
2019-06-27 20:15:50,860 [WARN] DbBoards:145 - board NUCLEO-F042K6 / document id not found: 3902
2019-06-27 20:15:50,860 [WARN] DbBoards:145 - board NUCLEO-F042K6 / document id not found: 3972
2019-06-27 20:15:50,860 [WARN] DbBoards:149 - board NUCLEO-F042K6 has no document !
2019-06-27 20:15:50,860 [WARN] DbBoards:145 - board NUCLEO-F031K6 / document id not found: 3602
2019-06-27 20:15:50,860 [WARN] DbBoards:145 - board NUCLEO-F031K6 / document id not found: 3902
2019-06-27 20:15:50,861 [WARN] DbBoards:145 - board NUCLEO-F031K6 / document id not found: 3972
2019-06-27 20:15:50,861 [WARN] DbBoards:149 - board NUCLEO-F031K6 has no document !
2019-06-27 20:15:50,861 [WARN] DbBoards:145 - board NUCLEO-F303K8 / document id not found: 3602
2019-06-27 20:15:50,861 [WARN] DbBoards:145 - board NUCLEO-F303K8 / document id not found: 3902
2019-06-27 20:15:50,861 [WARN] DbBoards:145 - board NUCLEO-F303K8 / document id not found: 3972
2019-06-27 20:15:50,861 [WARN] DbBoards:149 - board NUCLEO-F303K8 has no document !
2019-06-27 20:15:50,861 [WARN] DbBoards:145 - board NUCLEO-L031K6 / document id not found: 3602
2019-06-27 20:15:50,861 [WARN] DbBoards:145 - board NUCLEO-L031K6 / document id not found: 3902
2019-06-27 20:15:50,861 [WARN] DbBoards:145 - board NUCLEO-L031K6 / document id not found: 3972
2019-06-27 20:15:50,861 [WARN] DbBoards:149 - board NUCLEO-L031K6 has no document !
2019-06-27 20:15:50,861 [WARN] DbBoards:145 - board NUCLEO-L011K4 / document id not found: 3602
2019-06-27 20:15:50,861 [WARN] DbBoards:145 - board NUCLEO-L011K4 / document id not found: 3902
2019-06-27 20:15:50,862 [WARN] DbBoards:145 - board NUCLEO-L011K4 / document id not found: 3972
2019-06-27 20:15:50,862 [WARN] DbBoards:149 - board NUCLEO-L011K4 has no document !
2019-06-27 20:15:50,862 [WARN] DbBoards:145 - board NUCLEO-L432KC / document id not found: 3602
2019-06-27 20:15:50,862 [WARN] DbBoards:145 - board NUCLEO-L432KC / document id not found: 3902
2019-06-27 20:15:50,862 [WARN] DbBoards:145 - board NUCLEO-L432KC / document id not found: 3972
2019-06-27 20:15:50,862 [WARN] DbBoards:149 - board NUCLEO-L432KC has no document !
2019-06-27 20:15:50,862 [WARN] DbBoards:145 - board NUCLEO-L412KB / document id not found: 3602
2019-06-27 20:15:50,862 [WARN] DbBoards:145 - board NUCLEO-L412KB / document id not found: 3902
2019-06-27 20:15:50,862 [WARN] DbBoards:145 - board NUCLEO-L412KB / document id not found: 3972
2019-06-27 20:15:50,862 [WARN] DbBoards:149 - board NUCLEO-L412KB has no document !
2019-06-27 20:15:50,862 [WARN] DbBoards:145 - board NUCLEO-G431KB / document id not found: 3902
2019-06-27 20:15:50,863 [WARN] DbBoards:149 - board NUCLEO-G431KB has no document !
2019-06-27 20:15:50,863 [WARN] DbBoards:130 - board NUCLEO-G031K8 has no document id list !
2019-06-27 20:15:50,863 [WARN] DbBoards:145 - board NUCLEO-F030R8 / document id not found: 3598
2019-06-27 20:15:50,863 [WARN] DbBoards:145 - board NUCLEO-F030R8 / document id not found: 3600
2019-06-27 20:15:50,863 [WARN] DbBoards:145 - board NUCLEO-F030R8 / document id not found: 3602
2019-06-27 20:15:50,863 [WARN] DbBoards:149 - board NUCLEO-F030R8 has no document !
2019-06-27 20:15:50,863 [WARN] DbBoards:145 - board NUCLEO-F070RB / document id not found: 3598
2019-06-27 20:15:50,863 [WARN] DbBoards:145 - board NUCLEO-F070RB / document id not found: 3600
2019-06-27 20:15:50,863 [WARN] DbBoards:145 - board NUCLEO-F070RB / document id not found: 3602
2019-06-27 20:15:50,863 [WARN] DbBoards:149 - board NUCLEO-F070RB has no document !
2019-06-27 20:15:50,863 [WARN] DbBoards:145 - board NUCLEO-F072RB / document id not found: 3598
2019-06-27 20:15:50,863 [WARN] DbBoards:145 - board NUCLEO-F072RB / document id not found: 3600
2019-06-27 20:15:50,864 [WARN] DbBoards:145 - board NUCLEO-F072RB / document id not found: 3602
2019-06-27 20:15:50,864 [WARN] DbBoards:149 - board NUCLEO-F072RB has no document !
2019-06-27 20:15:50,864 [WARN] DbBoards:145 - board NUCLEO-F091RC / document id not found: 3598
2019-06-27 20:15:50,864 [WARN] DbBoards:145 - board NUCLEO-F091RC / document id not found: 3600
2019-06-27 20:15:50,864 [WARN] DbBoards:145 - board NUCLEO-F091RC / document id not found: 3602
2019-06-27 20:15:50,864 [WARN] DbBoards:149 - board NUCLEO-F091RC has no document !
2019-06-27 20:15:50,864 [WARN] DbBoards:145 - board NUCLEO-F103RB / document id not found: 3598
2019-06-27 20:15:50,864 [WARN] DbBoards:145 - board NUCLEO-F103RB / document id not found: 3600
2019-06-27 20:15:50,864 [WARN] DbBoards:145 - board NUCLEO-F103RB / document id not found: 3602
2019-06-27 20:15:50,864 [WARN] DbBoards:149 - board NUCLEO-F103RB has no document !
2019-06-27 20:15:50,864 [WARN] DbBoards:145 - board NUCLEO-F302R8 / document id not found: 3598
2019-06-27 20:15:50,864 [WARN] DbBoards:145 - board NUCLEO-F302R8 / document id not found: 3600
2019-06-27 20:15:50,864 [WARN] DbBoards:145 - board NUCLEO-F302R8 / document id not found: 3602
2019-06-27 20:15:50,865 [WARN] DbBoards:149 - board NUCLEO-F302R8 has no document !
2019-06-27 20:15:50,865 [WARN] DbBoards:145 - board NUCLEO-F303RE / document id not found: 3598
2019-06-27 20:15:50,865 [WARN] DbBoards:145 - board NUCLEO-F303RE / document id not found: 3600
2019-06-27 20:15:50,865 [WARN] DbBoards:145 - board NUCLEO-F303RE / document id not found: 3602
2019-06-27 20:15:50,865 [WARN] DbBoards:149 - board NUCLEO-F303RE has no document !
2019-06-27 20:15:50,865 [WARN] DbBoards:145 - board NUCLEO-F334R8 / document id not found: 3598
2019-06-27 20:15:50,865 [WARN] DbBoards:145 - board NUCLEO-F334R8 / document id not found: 3600
2019-06-27 20:15:50,865 [WARN] DbBoards:145 - board NUCLEO-F334R8 / document id not found: 3602
2019-06-27 20:15:50,865 [WARN] DbBoards:149 - board NUCLEO-F334R8 has no document !
2019-06-27 20:15:50,865 [WARN] DbBoards:145 - board NUCLEO-F401RE / document id not found: 3598
2019-06-27 20:15:50,865 [WARN] DbBoards:145 - board NUCLEO-F401RE / document id not found: 3600
2019-06-27 20:15:50,865 [WARN] DbBoards:145 - board NUCLEO-F401RE / document id not found: 3602
2019-06-27 20:15:50,865 [WARN] DbBoards:149 - board NUCLEO-F401RE has no document !
2019-06-27 20:15:50,866 [WARN] DbBoards:145 - board NUCLEO-F411RE / document id not found: 3598
2019-06-27 20:15:50,866 [WARN] DbBoards:145 - board NUCLEO-F411RE / document id not found: 3600
2019-06-27 20:15:50,866 [WARN] DbBoards:145 - board NUCLEO-F411RE / document id not found: 3602
2019-06-27 20:15:50,866 [WARN] DbBoards:149 - board NUCLEO-F411RE has no document !
2019-06-27 20:15:50,866 [WARN] DbBoards:145 - board NUCLEO-L053R8 / document id not found: 3598
2019-06-27 20:15:50,866 [WARN] DbBoards:145 - board NUCLEO-L053R8 / document id not found: 3600
2019-06-27 20:15:50,866 [WARN] DbBoards:145 - board NUCLEO-L053R8 / document id not found: 3602
2019-06-27 20:15:50,866 [WARN] DbBoards:149 - board NUCLEO-L053R8 has no document !
2019-06-27 20:15:50,866 [WARN] DbBoards:145 - board NUCLEO-L152RE / document id not found: 3598
2019-06-27 20:15:50,866 [WARN] DbBoards:145 - board NUCLEO-L152RE / document id not found: 3600
2019-06-27 20:15:50,866 [WARN] DbBoards:145 - board NUCLEO-L152RE / document id not found: 3602
2019-06-27 20:15:50,866 [WARN] DbBoards:149 - board NUCLEO-L152RE has no document !
2019-06-27 20:15:50,867 [WARN] DbBoards:145 - board NUCLEO-F446RE / document id not found: 3598
2019-06-27 20:15:50,867 [WARN] DbBoards:145 - board NUCLEO-F446RE / document id not found: 3600
2019-06-27 20:15:50,867 [WARN] DbBoards:145 - board NUCLEO-F446RE / document id not found: 3602
2019-06-27 20:15:50,867 [WARN] DbBoards:149 - board NUCLEO-F446RE has no document !
2019-06-27 20:15:50,867 [WARN] DbBoards:145 - board NUCLEO-L476RG / document id not found: 3598
2019-06-27 20:15:50,867 [WARN] DbBoards:145 - board NUCLEO-L476RG / document id not found: 3600
2019-06-27 20:15:50,867 [WARN] DbBoards:145 - board NUCLEO-L476RG / document id not found: 3602
2019-06-27 20:15:50,867 [WARN] DbBoards:149 - board NUCLEO-L476RG has no document !
2019-06-27 20:15:50,867 [WARN] DbBoards:145 - board NUCLEO-F410RB / document id not found: 3598
2019-06-27 20:15:50,867 [WARN] DbBoards:145 - board NUCLEO-F410RB / document id not found: 3600
2019-06-27 20:15:50,867 [WARN] DbBoards:145 - board NUCLEO-F410RB / document id not found: 3602
2019-06-27 20:15:50,867 [WARN] DbBoards:149 - board NUCLEO-F410RB has no document !
2019-06-27 20:15:50,867 [WARN] DbBoards:145 - board NUCLEO-L073RZ / document id not found: 3598
2019-06-27 20:15:50,868 [WARN] DbBoards:145 - board NUCLEO-L073RZ / document id not found: 3600
2019-06-27 20:15:50,868 [WARN] DbBoards:145 - board NUCLEO-L073RZ / document id not found: 3602
2019-06-27 20:15:50,868 [WARN] DbBoards:149 - board NUCLEO-L073RZ has no document !
2019-06-27 20:15:50,868 [WARN] DbBoards:145 - board NUCLEO-L010RB / document id not found: 3598
2019-06-27 20:15:50,868 [WARN] DbBoards:145 - board NUCLEO-L010RB / document id not found: 3600
2019-06-27 20:15:50,868 [WARN] DbBoards:145 - board NUCLEO-L010RB / document id not found: 3602
2019-06-27 20:15:50,868 [WARN] DbBoards:149 - board NUCLEO-L010RB has no document !
2019-06-27 20:15:50,868 [WARN] DbBoards:145 - board NUCLEO-L452RE / document id not found: 3598
2019-06-27 20:15:50,868 [WARN] DbBoards:145 - board NUCLEO-L452RE / document id not found: 3600
2019-06-27 20:15:50,868 [WARN] DbBoards:145 - board NUCLEO-L452RE / document id not found: 3602
2019-06-27 20:15:50,868 [WARN] DbBoards:149 - board NUCLEO-L452RE has no document !
2019-06-27 20:15:50,868 [WARN] DbBoards:145 - board NUCLEO-L452RE-P / document id not found: 3600
2019-06-27 20:15:50,869 [WARN] DbBoards:145 - board NUCLEO-L452RE-P / document id not found: 3602
2019-06-27 20:15:50,869 [WARN] DbBoards:145 - board NUCLEO-L452RE-P / document id not found: 4216
2019-06-27 20:15:50,869 [WARN] DbBoards:149 - board NUCLEO-L452RE-P has no document !
2019-06-27 20:15:50,869 [WARN] DbBoards:145 - board NUCLEO-L433RC-P / document id not found: 3600
2019-06-27 20:15:50,869 [WARN] DbBoards:145 - board NUCLEO-L433RC-P / document id not found: 3602
2019-06-27 20:15:50,869 [WARN] DbBoards:145 - board NUCLEO-L433RC-P / document id not found: 4216
2019-06-27 20:15:50,869 [WARN] DbBoards:149 - board NUCLEO-L433RC-P has no document !
2019-06-27 20:15:50,869 [WARN] DbBoards:145 - board NUCLEO-L412RB-P / document id not found: 3600
2019-06-27 20:15:50,869 [WARN] DbBoards:145 - board NUCLEO-L412RB-P / document id not found: 3602
2019-06-27 20:15:50,869 [WARN] DbBoards:145 - board NUCLEO-L412RB-P / document id not found: 4216
2019-06-27 20:15:50,869 [WARN] DbBoards:149 - board NUCLEO-L412RB-P has no document !
2019-06-27 20:15:50,869 [WARN] DbBoards:145 - board NUCLEO-G071RB / document id not found: 3600
2019-06-27 20:15:50,869 [WARN] DbBoards:145 - board NUCLEO-G071RB / document id not found: 3602
2019-06-27 20:15:50,870 [WARN] DbBoards:145 - board NUCLEO-G071RB / document id not found: 4338
2019-06-27 20:15:50,870 [WARN] DbBoards:149 - board NUCLEO-G071RB has no document !
2019-06-27 20:15:50,870 [WARN] DbBoards:145 - board NUCLEO-G070RB / document id not found: 3600
2019-06-27 20:15:50,870 [WARN] DbBoards:145 - board NUCLEO-G070RB / document id not found: 3602
2019-06-27 20:15:50,870 [WARN] DbBoards:145 - board NUCLEO-G070RB / document id not found: 4338
2019-06-27 20:15:50,870 [WARN] DbBoards:149 - board NUCLEO-G070RB has no document !
2019-06-27 20:15:50,870 [WARN] DbBoards:130 - board P-NUCLEO-WB55-Nucleo has no document id list !
2019-06-27 20:15:50,870 [WARN] DbBoards:130 - board P-NUCLEO-WB55-USBDongle has no document id list !
2019-06-27 20:15:50,870 [WARN] DbBoards:145 - board NUCLEO-G431RB / document id not found: 3600
2019-06-27 20:15:50,870 [WARN] DbBoards:145 - board NUCLEO-G431RB / document id not found: 4430
2019-06-27 20:15:50,870 [WARN] DbBoards:149 - board NUCLEO-G431RB has no document !
2019-06-27 20:15:50,870 [WARN] DbBoards:145 - board NUCLEO-G474RE / document id not found: 3600
2019-06-27 20:15:50,871 [WARN] DbBoards:145 - board NUCLEO-G474RE / document id not found: 4430
2019-06-27 20:15:50,871 [WARN] DbBoards:149 - board NUCLEO-G474RE has no document !
2019-06-27 20:15:50,871 [WARN] DbBoards:130 - board P-NUCLEO-WB55 has no document id list !
2019-06-27 20:15:50,871 [WARN] DbBoards:145 - board STM32F0DISCOVERY / document id not found: 3294
2019-06-27 20:15:50,871 [WARN] DbBoards:145 - board STM32F0DISCOVERY / document id not found: 3402
2019-06-27 20:15:50,871 [WARN] DbBoards:145 - board STM32F0DISCOVERY / document id not found: 3405
2019-06-27 20:15:50,871 [WARN] DbBoards:145 - board STM32F0DISCOVERY / document id not found: 3407
2019-06-27 20:15:50,871 [WARN] DbBoards:145 - board STM32F0DISCOVERY / document id not found: 4079
2019-06-27 20:15:50,871 [WARN] DbBoards:149 - board STM32F0DISCOVERY has no document !
2019-06-27 20:15:50,871 [WARN] DbBoards:145 - board STM32F0308-DISCO / document id not found: 3522
2019-06-27 20:15:50,871 [WARN] DbBoards:145 - board STM32F0308-DISCO / document id not found: 3523
2019-06-27 20:15:50,871 [WARN] DbBoards:145 - board STM32F0308-DISCO / document id not found: 3550
2019-06-27 20:15:50,871 [WARN] DbBoards:145 - board STM32F0308-DISCO / document id not found: 4079
2019-06-27 20:15:50,872 [WARN] DbBoards:149 - board STM32F0308-DISCO has no document !
2019-06-27 20:15:50,872 [WARN] DbBoards:145 - board STM32F072B-DISCO / document id not found: 3562
2019-06-27 20:15:50,872 [WARN] DbBoards:145 - board STM32F072B-DISCO / document id not found: 3563
2019-06-27 20:15:50,872 [WARN] DbBoards:145 - board STM32F072B-DISCO / document id not found: 3584
2019-06-27 20:15:50,872 [WARN] DbBoards:145 - board STM32F072B-DISCO / document id not found: 4079
2019-06-27 20:15:50,872 [WARN] DbBoards:149 - board STM32F072B-DISCO has no document !
2019-06-27 20:15:50,872 [WARN] DbBoards:145 - board STM32F3DISCOVERY / document id not found: 3435
2019-06-27 20:15:50,872 [WARN] DbBoards:145 - board STM32F3DISCOVERY / document id not found: 3445
2019-06-27 20:15:50,872 [WARN] DbBoards:145 - board STM32F3DISCOVERY / document id not found: 3446
2019-06-27 20:15:50,872 [WARN] DbBoards:145 - board STM32F3DISCOVERY / document id not found: 3448
2019-06-27 20:15:50,872 [WARN] DbBoards:145 - board STM32F3DISCOVERY / document id not found: 4079
2019-06-27 20:15:50,872 [WARN] DbBoards:149 - board STM32F3DISCOVERY has no document !
2019-06-27 20:15:50,872 [WARN] DbBoards:145 - board STM32F3348-DISCO / document id not found: 3611
2019-06-27 20:15:50,873 [WARN] DbBoards:145 - board STM32F3348-DISCO / document id not found: 3621
2019-06-27 20:15:50,873 [WARN] DbBoards:145 - board STM32F3348-DISCO / document id not found: 3622
2019-06-27 20:15:50,873 [WARN] DbBoards:145 - board STM32F3348-DISCO / document id not found: 3627
2019-06-27 20:15:50,873 [WARN] DbBoards:145 - board STM32F3348-DISCO / document id not found: 3662
2019-06-27 20:15:50,873 [WARN] DbBoards:145 - board STM32F3348-DISCO / document id not found: 3682
2019-06-27 20:15:50,873 [WARN] DbBoards:145 - board STM32F3348-DISCO / document id not found: 4079
2019-06-27 20:15:50,873 [WARN] DbBoards:149 - board STM32F3348-DISCO has no document !
2019-06-27 20:15:50,873 [WARN] DbBoards:130 - board STM32F401C-DISCO has no document id list !
2019-06-27 20:15:50,873 [WARN] DbBoards:145 - board STM32F411E-DISCO / document id not found: 3725
2019-06-27 20:15:50,873 [WARN] DbBoards:145 - board STM32F411E-DISCO / document id not found: 3731
2019-06-27 20:15:50,873 [WARN] DbBoards:145 - board STM32F411E-DISCO / document id not found: 3799
2019-06-27 20:15:50,873 [WARN] DbBoards:145 - board STM32F411E-DISCO / document id not found: 4079
2019-06-27 20:15:50,873 [WARN] DbBoards:149 - board STM32F411E-DISCO has no document !
2019-06-27 20:15:50,874 [WARN] DbBoards:145 - board STM32F407G-DISC1 / document id not found: 3294
2019-06-27 20:15:50,874 [WARN] DbBoards:145 - board STM32F407G-DISC1 / document id not found: 3350
2019-06-27 20:15:50,874 [WARN] DbBoards:145 - board STM32F407G-DISC1 / document id not found: 3354
2019-06-27 20:15:50,874 [WARN] DbBoards:145 - board STM32F407G-DISC1 / document id not found: 3360
2019-06-27 20:15:50,874 [WARN] DbBoards:145 - board STM32F407G-DISC1 / document id not found: 3367
2019-06-27 20:15:50,874 [WARN] DbBoards:145 - board STM32F407G-DISC1 / document id not found: 3368
2019-06-27 20:15:50,874 [WARN] DbBoards:145 - board STM32F407G-DISC1 / document id not found: 4079
2019-06-27 20:15:50,874 [WARN] DbBoards:149 - board STM32F407G-DISC1 has no document !
2019-06-27 20:15:50,874 [WARN] DbBoards:145 - board STM32F429I-DISC1 / document id not found: 3360
2019-06-27 20:15:50,874 [WARN] DbBoards:145 - board STM32F429I-DISC1 / document id not found: 3533
2019-06-27 20:15:50,874 [WARN] DbBoards:145 - board STM32F429I-DISC1 / document id not found: 3540
2019-06-27 20:15:50,874 [WARN] DbBoards:145 - board STM32F429I-DISC1 / document id not found: 3556
2019-06-27 20:15:50,874 [WARN] DbBoards:145 - board STM32F429I-DISC1 / document id not found: 4079
2019-06-27 20:15:50,874 [WARN] DbBoards:149 - board STM32F429I-DISC1 has no document !
2019-06-27 20:15:50,875 [WARN] DbBoards:145 - board STM32F469I-DISCO / document id not found: 3907
2019-06-27 20:15:50,875 [WARN] DbBoards:145 - board STM32F469I-DISCO / document id not found: 3908
2019-06-27 20:15:50,875 [WARN] DbBoards:145 - board STM32F469I-DISCO / document id not found: 3976
2019-06-27 20:15:50,875 [WARN] DbBoards:145 - board STM32F469I-DISCO / document id not found: 4079
2019-06-27 20:15:50,875 [WARN] DbBoards:149 - board STM32F469I-DISCO has no document !
2019-06-27 20:15:50,875 [WARN] DbBoards:145 - board STM32F746G-DISCO / document id not found: 3807
2019-06-27 20:15:50,875 [WARN] DbBoards:145 - board STM32F746G-DISCO / document id not found: 3815
2019-06-27 20:15:50,875 [WARN] DbBoards:145 - board STM32F746G-DISCO / document id not found: 3983
2019-06-27 20:15:50,875 [WARN] DbBoards:145 - board STM32F746G-DISCO / document id not found: 4079
2019-06-27 20:15:50,875 [WARN] DbBoards:149 - board STM32F746G-DISCO has no document !
2019-06-27 20:15:50,875 [WARN] DbBoards:145 - board STM32F769I-DISCO / document id not found: 4053
2019-06-27 20:15:50,875 [WARN] DbBoards:145 - board STM32F769I-DISCO / document id not found: 4061
2019-06-27 20:15:50,876 [WARN] DbBoards:145 - board STM32F769I-DISCO / document id not found: 4079
2019-06-27 20:15:50,876 [WARN] DbBoards:149 - board STM32F769I-DISCO has no document !
2019-06-27 20:15:50,876 [WARN] DbBoards:130 - board STM32F769I-DISC1 has no document id list !
2019-06-27 20:15:50,876 [WARN] DbBoards:145 - board STM32F723E-DISCO / document id not found: 4079
2019-06-27 20:15:50,876 [WARN] DbBoards:145 - board STM32F723E-DISCO / document id not found: 4153
2019-06-27 20:15:50,876 [WARN] DbBoards:145 - board STM32F723E-DISCO / document id not found: 4154
2019-06-27 20:15:50,876 [WARN] DbBoards:149 - board STM32F723E-DISCO has no document !
2019-06-27 20:15:50,876 [WARN] DbBoards:130 - board STM32F7308-DISCO has no document id list !
2019-06-27 20:15:50,876 [WARN] DbBoards:145 - board STM32F7508-DK / document id not found: 4079
2019-06-27 20:15:50,876 [WARN] DbBoards:145 - board STM32F7508-DK / document id not found: 4349
2019-06-27 20:15:50,876 [WARN] DbBoards:145 - board STM32F7508-DK / document id not found: 4350
2019-06-27 20:15:50,876 [WARN] DbBoards:149 - board STM32F7508-DK has no document !
2019-06-27 20:15:50,876 [WARN] DbBoards:145 - board STM32L0538-DISCO / document id not found: 3681
2019-06-27 20:15:50,877 [WARN] DbBoards:145 - board STM32L0538-DISCO / document id not found: 3696
2019-06-27 20:15:50,877 [WARN] DbBoards:145 - board STM32L0538-DISCO / document id not found: 3697
2019-06-27 20:15:50,877 [WARN] DbBoards:145 - board STM32L0538-DISCO / document id not found: 4079
2019-06-27 20:15:50,877 [WARN] DbBoards:149 - board STM32L0538-DISCO has no document !
2019-06-27 20:15:50,877 [WARN] DbBoards:145 - board STM32L100C-DISCO / document id not found: 3520
2019-06-27 20:15:50,877 [WARN] DbBoards:145 - board STM32L100C-DISCO / document id not found: 3521
2019-06-27 20:15:50,877 [WARN] DbBoards:145 - board STM32L100C-DISCO / document id not found: 4079
2019-06-27 20:15:50,877 [WARN] DbBoards:149 - board STM32L100C-DISCO has no document !
2019-06-27 20:15:50,877 [WARN] DbBoards:130 - board STM32L-DISCOVERY has no document id list !
2019-06-27 20:15:50,877 [WARN] DbBoards:145 - board STM32L152C-DISCO / document id not found: 3307
2019-06-27 20:15:50,877 [WARN] DbBoards:145 - board STM32L152C-DISCO / document id not found: 3309
2019-06-27 20:15:50,877 [WARN] DbBoards:145 - board STM32L152C-DISCO / document id not found: 3333
2019-06-27 20:15:50,877 [WARN] DbBoards:145 - board STM32L152C-DISCO / document id not found: 4079
2019-06-27 20:15:50,877 [WARN] DbBoards:149 - board STM32L152C-DISCO has no document !
2019-06-27 20:15:50,878 [WARN] DbBoards:145 - board STM32L476G-DISCO / document id not found: 3827
2019-06-27 20:15:50,878 [WARN] DbBoards:145 - board STM32L476G-DISCO / document id not found: 3828
2019-06-27 20:15:50,878 [WARN] DbBoards:145 - board STM32L476G-DISCO / document id not found: 3847
2019-06-27 20:15:50,878 [WARN] DbBoards:145 - board STM32L476G-DISCO / document id not found: 4079
2019-06-27 20:15:50,878 [WARN] DbBoards:149 - board STM32L476G-DISCO has no document !
2019-06-27 20:15:50,878 [WARN] DbBoards:145 - board STM32F412G-DISCO / document id not found: 4079
2019-06-27 20:15:50,878 [WARN] DbBoards:145 - board STM32F412G-DISCO / document id not found: 4107
2019-06-27 20:15:50,878 [WARN] DbBoards:145 - board STM32F412G-DISCO / document id not found: 4108
2019-06-27 20:15:50,878 [WARN] DbBoards:149 - board STM32F412G-DISCO has no document !
2019-06-27 20:15:50,878 [WARN] DbBoards:145 - board STM32F413H-DISCO / document id not found: 4079
2019-06-27 20:15:50,878 [WARN] DbBoards:145 - board STM32F413H-DISCO / document id not found: 4147
2019-06-27 20:15:50,878 [WARN] DbBoards:145 - board STM32F413H-DISCO / document id not found: 4192
2019-06-27 20:15:50,878 [WARN] DbBoards:149 - board STM32F413H-DISCO has no document !
2019-06-27 20:15:50,879 [WARN] DbBoards:145 - board STM32VLDISCOVERY / document id not found: 3149
2019-06-27 20:15:50,879 [WARN] DbBoards:145 - board STM32VLDISCOVERY / document id not found: 3165
2019-06-27 20:15:50,879 [WARN] DbBoards:145 - board STM32VLDISCOVERY / document id not found: 3197
2019-06-27 20:15:50,879 [WARN] DbBoards:145 - board STM32VLDISCOVERY / document id not found: 3199
2019-06-27 20:15:50,879 [WARN] DbBoards:145 - board STM32VLDISCOVERY / document id not found: 3200
2019-06-27 20:15:50,879 [WARN] DbBoards:145 - board STM32VLDISCOVERY / document id not found: 4079
2019-06-27 20:15:50,879 [WARN] DbBoards:149 - board STM32VLDISCOVERY has no document !
2019-06-27 20:15:50,879 [WARN] DbBoards:145 - board STM32L496G-DISCO / document id not found: 4079
2019-06-27 20:15:50,879 [WARN] DbBoards:145 - board STM32L496G-DISCO / document id not found: 4155
2019-06-27 20:15:50,879 [WARN] DbBoards:145 - board STM32L496G-DISCO / document id not found: 4156
2019-06-27 20:15:50,879 [WARN] DbBoards:149 - board STM32L496G-DISCO has no document !
2019-06-27 20:15:50,879 [WARN] DbBoards:145 - board B-L475E-IOT01A1 / document id not found: 4079
2019-06-27 20:15:50,879 [WARN] DbBoards:145 - board B-L475E-IOT01A1 / document id not found: 4160
2019-06-27 20:15:50,879 [WARN] DbBoards:145 - board B-L475E-IOT01A1 / document id not found: 4200
2019-06-27 20:15:50,880 [WARN] DbBoards:149 - board B-L475E-IOT01A1 has no document !
2019-06-27 20:15:50,880 [WARN] DbBoards:145 - board STM32G071B-DISCO / document id not found: 4079
2019-06-27 20:15:50,880 [WARN] DbBoards:145 - board STM32G071B-DISCO / document id not found: 4389
2019-06-27 20:15:50,880 [WARN] DbBoards:145 - board STM32G071B-DISCO / document id not found: 4393
2019-06-27 20:15:50,880 [WARN] DbBoards:145 - board STM32G071B-DISCO / document id not found: 4441
2019-06-27 20:15:50,880 [WARN] DbBoards:149 - board STM32G071B-DISCO has no document !
2019-06-27 20:15:50,880 [WARN] DbBoards:130 - board STM32G0316-DISCO has no document id list !
2019-06-27 20:15:50,880 [WARN] DbBoards:145 - board STM32H747I-DISCO / document id not found: 4364
2019-06-27 20:15:50,880 [WARN] DbBoards:145 - board STM32H747I-DISCO / document id not found: 4365
2019-06-27 20:15:50,880 [WARN] DbBoards:149 - board STM32H747I-DISCO has no document !
2019-06-27 20:15:50,880 [WARN] DbBoards:130 - board STM32H747I-DISC1 has no document id list !
2019-06-27 20:15:50,880 [WARN] DbBoards:145 - board STM32H745I-DISCO / document id not found: 4395
2019-06-27 20:15:50,881 [WARN] DbBoards:145 - board STM32H745I-DISCO / document id not found: 4396
2019-06-27 20:15:50,881 [WARN] DbBoards:149 - board STM32H745I-DISCO has no document !
2019-06-27 20:15:50,881 [WARN] DbBoards:145 - board STM32H750B-DK / document id not found: 4395
2019-06-27 20:15:50,881 [WARN] DbBoards:145 - board STM32H750B-DK / document id not found: 4396
2019-06-27 20:15:50,881 [WARN] DbBoards:149 - board STM32H750B-DK has no document !
2019-06-27 20:15:50,881 [WARN] DbBoards:145 - board STM32L4R9I-DISCO / document id not found: 4079
2019-06-27 20:15:50,881 [WARN] DbBoards:145 - board STM32L4R9I-DISCO / document id not found: 4208
2019-06-27 20:15:50,881 [WARN] DbBoards:145 - board STM32L4R9I-DISCO / document id not found: 4244
2019-06-27 20:15:50,881 [WARN] DbBoards:149 - board STM32L4R9I-DISCO has no document !
2019-06-27 20:15:50,881 [WARN] DbBoards:145 - board B-L072Z-LRWAN1 / document id not found: 4079
2019-06-27 20:15:50,881 [WARN] DbBoards:145 - board B-L072Z-LRWAN1 / document id not found: 4157
2019-06-27 20:15:50,881 [WARN] DbBoards:145 - board B-L072Z-LRWAN1 / document id not found: 4158
2019-06-27 20:15:50,881 [WARN] DbBoards:145 - board B-L072Z-LRWAN1 / document id not found: 4159
2019-06-27 20:15:50,882 [WARN] DbBoards:149 - board B-L072Z-LRWAN1 has no document !
2019-06-27 20:15:50,882 [WARN] DbBoards:145 - board STM32MP157C-DK2 / document id not found: 4400
2019-06-27 20:15:50,882 [WARN] DbBoards:145 - board STM32MP157C-DK2 / document id not found: 4436
2019-06-27 20:15:50,882 [WARN] DbBoards:149 - board STM32MP157C-DK2 has no document !
2019-06-27 20:15:50,882 [WARN] DbBoards:145 - board STM32072B-EVAL / document id not found: 3578
2019-06-27 20:15:50,882 [WARN] DbBoards:145 - board STM32072B-EVAL / document id not found: 3579
2019-06-27 20:15:50,882 [WARN] DbBoards:149 - board STM32072B-EVAL has no document !
2019-06-27 20:15:50,882 [WARN] DbBoards:145 - board STM32091C-EVAL / document id not found: 3706
2019-06-27 20:15:50,882 [WARN] DbBoards:145 - board STM32091C-EVAL / document id not found: 3715
2019-06-27 20:15:50,882 [WARN] DbBoards:149 - board STM32091C-EVAL has no document !
2019-06-27 20:15:50,882 [WARN] DbBoards:145 - board STM3210C-EVAL / document id not found: 3049
2019-06-27 20:15:50,882 [WARN] DbBoards:145 - board STM3210C-EVAL / document id not found: 3182
2019-06-27 20:15:50,882 [WARN] DbBoards:149 - board STM3210C-EVAL has no document !
2019-06-27 20:15:50,883 [WARN] DbBoards:145 - board STM3210E-EVAL / document id not found: 2997
2019-06-27 20:15:50,883 [WARN] DbBoards:145 - board STM3210E-EVAL / document id not found: 3028
2019-06-27 20:15:50,883 [WARN] DbBoards:145 - board STM3210E-EVAL / document id not found: 3105
2019-06-27 20:15:50,883 [WARN] DbBoards:145 - board STM3210E-EVAL / document id not found: 3173
2019-06-27 20:15:50,883 [WARN] DbBoards:149 - board STM3210E-EVAL has no document !
2019-06-27 20:15:50,883 [WARN] DbBoards:145 - board STM32100E-EVAL / document id not found: 3268
2019-06-27 20:15:50,883 [WARN] DbBoards:145 - board STM32100E-EVAL / document id not found: 3274
2019-06-27 20:15:50,883 [WARN] DbBoards:149 - board STM32100E-EVAL has no document !
2019-06-27 20:15:50,883 [WARN] DbBoards:145 - board STM3220G-EVAL / document id not found: 3275
2019-06-27 20:15:50,883 [WARN] DbBoards:145 - board STM3220G-EVAL / document id not found: 3276
2019-06-27 20:15:50,883 [WARN] DbBoards:149 - board STM3220G-EVAL has no document !
2019-06-27 20:15:50,883 [WARN] DbBoards:145 - board STM3221G-EVAL / document id not found: 3286
2019-06-27 20:15:50,883 [WARN] DbBoards:145 - board STM3221G-EVAL / document id not found: 3298
2019-06-27 20:15:50,883 [WARN] DbBoards:149 - board STM3221G-EVAL has no document !
2019-06-27 20:15:50,884 [WARN] DbBoards:130 - board STM32303C-EVAL has no document id list !
2019-06-27 20:15:50,884 [WARN] DbBoards:145 - board STM32303E-EVAL / document id not found: 3703
2019-06-27 20:15:50,884 [WARN] DbBoards:145 - board STM32303E-EVAL / document id not found: 3705
2019-06-27 20:15:50,884 [WARN] DbBoards:149 - board STM32303E-EVAL has no document !
2019-06-27 20:15:50,884 [WARN] DbBoards:145 - board STM32373C-EVAL / document id not found: 3437
2019-06-27 20:15:50,884 [WARN] DbBoards:145 - board STM32373C-EVAL / document id not found: 3447
2019-06-27 20:15:50,884 [WARN] DbBoards:149 - board STM32373C-EVAL has no document !
2019-06-27 20:15:50,884 [WARN] DbBoards:145 - board STM3240G-EVAL / document id not found: 3344
2019-06-27 20:15:50,884 [WARN] DbBoards:145 - board STM3240G-EVAL / document id not found: 3351
2019-06-27 20:15:50,884 [WARN] DbBoards:149 - board STM3240G-EVAL has no document !
2019-06-27 20:15:50,884 [WARN] DbBoards:145 - board STM3241G-EVAL / document id not found: 3343
2019-06-27 20:15:50,884 [WARN] DbBoards:145 - board STM3241G-EVAL / document id not found: 3352
2019-06-27 20:15:50,884 [WARN] DbBoards:149 - board STM3241G-EVAL has no document !
2019-06-27 20:15:50,884 [WARN] DbBoards:145 - board STM32429I-EVAL1 / document id not found: 3530
2019-06-27 20:15:50,884 [WARN] DbBoards:145 - board STM32429I-EVAL1 / document id not found: 3541
2019-06-27 20:15:50,885 [WARN] DbBoards:149 - board STM32429I-EVAL1 has no document !
2019-06-27 20:15:50,885 [WARN] DbBoards:145 - board STM32439I-EVAL2 / document id not found: 3531
2019-06-27 20:15:50,885 [WARN] DbBoards:145 - board STM32439I-EVAL2 / document id not found: 3542
2019-06-27 20:15:50,885 [WARN] DbBoards:149 - board STM32439I-EVAL2 has no document !
2019-06-27 20:15:50,885 [WARN] DbBoards:130 - board STM32L152D-EVAL has no document id list !
2019-06-27 20:15:50,885 [WARN] DbBoards:145 - board STM32446E-EVAL / document id not found: 3767
2019-06-27 20:15:50,885 [WARN] DbBoards:145 - board STM32446E-EVAL / document id not found: 3772
2019-06-27 20:15:50,885 [WARN] DbBoards:149 - board STM32446E-EVAL has no document !
2019-06-27 20:15:50,885 [WARN] DbBoards:145 - board STM32746G-EVAL2 / document id not found: 3777
2019-06-27 20:15:50,885 [WARN] DbBoards:145 - board STM32746G-EVAL2 / document id not found: 3810
2019-06-27 20:15:50,885 [WARN] DbBoards:149 - board STM32746G-EVAL2 has no document !
2019-06-27 20:15:50,885 [WARN] DbBoards:145 - board STM32756G-EVAL2 / document id not found: 3776
2019-06-27 20:15:50,885 [WARN] DbBoards:145 - board STM32756G-EVAL2 / document id not found: 3811
2019-06-27 20:15:50,885 [WARN] DbBoards:149 - board STM32756G-EVAL2 has no document !
2019-06-27 20:15:50,886 [WARN] DbBoards:145 - board STM32F769I-EVAL / document id not found: 4054
2019-06-27 20:15:50,886 [WARN] DbBoards:145 - board STM32F769I-EVAL / document id not found: 4070
2019-06-27 20:15:50,886 [WARN] DbBoards:149 - board STM32F769I-EVAL has no document !
2019-06-27 20:15:50,886 [WARN] DbBoards:145 - board STM32F779I-EVAL / document id not found: 4055
2019-06-27 20:15:50,886 [WARN] DbBoards:145 - board STM32F779I-EVAL / document id not found: 4062
2019-06-27 20:15:50,886 [WARN] DbBoards:149 - board STM32F779I-EVAL has no document !
2019-06-27 20:15:50,886 [WARN] DbBoards:145 - board STM32L476G-EVAL / document id not found: 3750
2019-06-27 20:15:50,886 [WARN] DbBoards:145 - board STM32L476G-EVAL / document id not found: 3826
2019-06-27 20:15:50,886 [WARN] DbBoards:149 - board STM32L476G-EVAL has no document !
2019-06-27 20:15:50,886 [WARN] DbBoards:145 - board STM32469I-EVAL / document id not found: 3906
2019-06-27 20:15:50,886 [WARN] DbBoards:145 - board STM32469I-EVAL / document id not found: 3909
2019-06-27 20:15:50,886 [WARN] DbBoards:149 - board STM32469I-EVAL has no document !
2019-06-27 20:15:50,886 [WARN] DbBoards:145 - board STM32479I-EVAL / document id not found: 3905
2019-06-27 20:15:50,886 [WARN] DbBoards:145 - board STM32479I-EVAL / document id not found: 3910
2019-06-27 20:15:50,886 [WARN] DbBoards:149 - board STM32479I-EVAL has no document !
2019-06-27 20:15:50,887 [WARN] DbBoards:145 - board STM32L073Z-EVAL / document id not found: 3771
2019-06-27 20:15:50,887 [WARN] DbBoards:145 - board STM32L073Z-EVAL / document id not found: 3999
2019-06-27 20:15:50,887 [WARN] DbBoards:149 - board STM32L073Z-EVAL has no document !
2019-06-27 20:15:50,887 [WARN] DbBoards:145 - board STM32H743I-EVAL / document id not found: 4206
2019-06-27 20:15:50,887 [WARN] DbBoards:145 - board STM32H743I-EVAL / document id not found: 4210
2019-06-27 20:15:50,887 [WARN] DbBoards:149 - board STM32H743I-EVAL has no document !
2019-06-27 20:15:50,887 [WARN] DbBoards:130 - board STM32H743I-EVAL2 has no document id list !
2019-06-27 20:15:50,887 [WARN] DbBoards:145 - board STM32H753I-EVAL / document id not found: 4206
2019-06-27 20:15:50,887 [WARN] DbBoards:145 - board STM32H753I-EVAL / document id not found: 4210
2019-06-27 20:15:50,887 [WARN] DbBoards:149 - board STM32H753I-EVAL has no document !
2019-06-27 20:15:50,887 [WARN] DbBoards:130 - board STM32H753I-EVAL2 has no document id list !
2019-06-27 20:15:50,887 [WARN] DbBoards:145 - board STM32G081B-EVAL / document id not found: 4343
2019-06-27 20:15:50,887 [WARN] DbBoards:145 - board STM32G081B-EVAL / document id not found: 4363
2019-06-27 20:15:50,887 [WARN] DbBoards:149 - board STM32G081B-EVAL has no document !
2019-06-27 20:15:50,887 [WARN] DbBoards:130 - board STM32H747I-EVAL has no document id list !
2019-06-27 20:15:50,888 [WARN] DbBoards:130 - board STM32H757I-EVAL has no document id list !
2019-06-27 20:15:50,888 [WARN] DbBoards:145 - board STM32L4R9I-EVAL / document id not found: 4223
2019-06-27 20:15:50,888 [WARN] DbBoards:145 - board STM32L4R9I-EVAL / document id not found: 4239
2019-06-27 20:15:50,888 [WARN] DbBoards:149 - board STM32L4R9I-EVAL has no document !
2019-06-27 20:15:50,888 [WARN] DbBoards:145 - board STM32MP157C-EV1 / document id not found: 4399
2019-06-27 20:15:50,888 [WARN] DbBoards:145 - board STM32MP157C-EV1 / document id not found: 4437
2019-06-27 20:15:50,888 [WARN] DbBoards:149 - board STM32MP157C-EV1 has no document !
2019-06-27 20:15:50,888 [WARN] DbBoards:145 - board STM32MP157A-EV1 / document id not found: 4399
2019-06-27 20:15:50,888 [WARN] DbBoards:145 - board STM32MP157A-EV1 / document id not found: 4437
2019-06-27 20:15:50,888 [WARN] DbBoards:149 - board STM32MP157A-EV1 has no document !
2019-06-27 20:15:50,888 [WARN] DbBoards:145 - board STM32G474E-EVAL / document id not found: 4397
2019-06-27 20:15:50,888 [WARN] DbBoards:145 - board STM32G474E-EVAL / document id not found: 4432
2019-06-27 20:15:50,888 [WARN] DbBoards:149 - board STM32G474E-EVAL has no document !
2019-06-27 20:15:50,888 [WARN] DbBoards:130 - board STM32G474E-EVAL1 has no document id list !
2019-06-27 20:15:50,888 [WARN] DbBoards:145 - board STM32G484E-EVAL / document id not found: 4397
2019-06-27 20:15:50,889 [WARN] DbBoards:145 - board STM32G484E-EVAL / document id not found: 4432
2019-06-27 20:15:50,889 [WARN] DbBoards:149 - board STM32G484E-EVAL has no document !
2019-06-27 20:15:51,636 [INFO] ApiDb:158 - Load user favorites file C:\Users\tribe/.stm32cubeide/favorites.boards.txt: 0 item(s)
2019-06-27 20:15:51,637 [INFO] ApiDb:163 - User favorites Boards=[]
2019-06-27 20:15:51,637 [INFO] DbBoards:202 - Set 0 / 0 favorites Boards
2019-06-27 20:15:51,640 [INFO] DbBoardsDocs:55 - Found 151 boards documents
2019-06-27 20:15:51,640 [INFO] ApiDb:186 - Save user favorites file C:\Users\tribe/.stm32cubeide/favorites.boards.txt: 0 item(s)
2019-06-27 20:15:51,640 [INFO] ApiDb:191 - User favorites Boards=[]
2019-06-27 20:15:51,643 [INFO] DbBoardsPdsc:92 - Found 18 items
2019-06-27 20:15:51,644 [INFO] DbBoardsPdsc:92 - Found 9 items
2019-06-27 20:15:51,645 [INFO] DbBoardsPdsc:92 - Found 27 items
2019-06-27 20:15:51,646 [INFO] DbBoardsPdsc:92 - Found 1 items
2019-06-27 20:15:51,648 [INFO] DbBoardsPdsc:92 - Found 35 items
2019-06-27 20:15:51,651 [INFO] DbBoardsPdsc:92 - Found 37 items
2019-06-27 20:15:51,659 [INFO] DbBoardsJson:79 - JSON generation date=Fri Jun 21 04:52:52 PDT 2019 (1561117972)
2019-06-27 20:15:51,663 [INFO] DbBoards:120 - Found 127 boards (126 are supported by CubeMX)
2019-06-27 20:15:51,664 [WARN] DbBoards:130 - board NUCLEO-H743ZI2 has no document id list !
2019-06-27 20:15:51,665 [WARN] DbBoards:130 - board NUCLEO-G031K8 has no document id list !
2019-06-27 20:15:51,665 [WARN] DbBoards:130 - board P-NUCLEO-WB55-Nucleo has no document id list !
2019-06-27 20:15:51,665 [WARN] DbBoards:130 - board P-NUCLEO-WB55-USBDongle has no document id list !
2019-06-27 20:15:51,666 [WARN] DbBoards:130 - board P-NUCLEO-WB55 has no document id list !
2019-06-27 20:15:51,666 [WARN] DbBoards:130 - board STM32F401C-DISCO has no document id list !
2019-06-27 20:15:51,666 [WARN] DbBoards:130 - board STM32F769I-DISC1 has no document id list !
2019-06-27 20:15:51,666 [WARN] DbBoards:130 - board STM32F7308-DISCO has no document id list !
2019-06-27 20:15:51,667 [WARN] DbBoards:130 - board STM32L-DISCOVERY has no document id list !
2019-06-27 20:15:51,667 [WARN] DbBoards:130 - board STM32G0316-DISCO has no document id list !
2019-06-27 20:15:51,667 [WARN] DbBoards:130 - board STM32H747I-DISC1 has no document id list !
2019-06-27 20:15:51,668 [WARN] DbBoards:130 - board STM32303C-EVAL has no document id list !
2019-06-27 20:15:51,668 [WARN] DbBoards:130 - board STM32L152D-EVAL has no document id list !
2019-06-27 20:15:51,668 [WARN] DbBoards:130 - board STM32H743I-EVAL2 has no document id list !
2019-06-27 20:15:51,668 [WARN] DbBoards:130 - board STM32H753I-EVAL2 has no document id list !
2019-06-27 20:15:51,668 [WARN] DbBoards:130 - board STM32H747I-EVAL has no document id list !
2019-06-27 20:15:51,668 [WARN] DbBoards:130 - board STM32H757I-EVAL has no document id list !
2019-06-27 20:15:51,669 [WARN] DbBoards:130 - board STM32G474E-EVAL1 has no document id list !
2019-06-27 20:15:52,118 [INFO] ApiDb:158 - Load user favorites file C:\Users\tribe/.stm32cubeide/favorites.boards.txt: 0 item(s)
2019-06-27 20:15:52,118 [INFO] ApiDb:163 - User favorites Boards=[]
2019-06-27 20:15:52,118 [INFO] DbBoards:202 - Set 0 / 0 favorites Boards
2019-06-27 20:15:52,210 [INFO] LoadUrlFilesThread:147 - End of LoadServerUrlFiles without Thread
2019-06-27 20:15:52,211 [INFO] McuFilterPanel:282 - Update 0 favorites MCUs
2019-06-27 20:15:52,385 [INFO] LoadUrlFilesThread:147 - End of LoadServerUrlFiles without Thread
2019-06-27 20:15:52,386 [INFO] BoardDetailPanel:179 - Set advertising image to C:/Users/tribe/STM32Cube/Repository/\PRSTM32MP10219-01-med.jpg
2019-06-27 20:15:52,415 [INFO] BoardFilterPanel:212 - Update 0 favorites Boards
2019-06-27 20:15:52,702 [INFO] CrossSelectorPresenter:1239 - Cross Selector saved comparison directory: C:\Users\tribe\.stmcufinder\plugins\mcufinder\mcu\cs_comparisons_mx
2019-06-27 20:18:07,617 [INFO] LogOutputStream:68 - [STDOUT_REDIRECT] withoutVersionV1.24.1
2019-06-27 20:18:07,618 [INFO] LogOutputStream:68 - [STDOUT_REDIRECT] withoutVersionV1.24.0
2019-06-27 20:18:07,819 [INFO] LogOutputStream:68 - [STDOUT_REDIRECT] File copied successfully!!
2019-06-27 20:18:19,603 [INFO] MainUpdater:2032 - connection check result : 10
2019-06-27 20:18:19,604 [INFO] LogOutputStream:68 - [STDOUT_REDIRECT] Successfull proxy connection.
2019-06-27 20:18:19,641 [INFO] MicroXplorer:371 - Change Database Path : 
2019-06-27 20:18:19,641 [INFO] MicroXplorer:401 - Change Database Version : DB.5.0.21
2019-06-27 20:18:19,643 [INFO] PinOutPanel:1361 - setPackage(No Configuration,No Configuration)
2019-06-27 20:18:19,644 [INFO] UtilMem:74 - Begin LoadConfig() Used Memory: 295259256 Bytes (681574400)
2019-06-27 20:18:19,645 [INFO] MicroXplorer:371 - Change Database Path : 
2019-06-27 20:18:19,645 [INFO] MicroXplorer:401 - Change Database Version : DB.5.0.21
2019-06-27 20:18:19,645 [INFO] OpenFileManager:269 - Change cursor
2019-06-27 20:18:21,295 [INFO] ImportTextPane:162 - (OptionalMessage_ERROR) Unable to find key (Mcu.ThirdPartyNb) in loaded IOC file
2019-06-27 20:18:21,295 [INFO] ImportTextPane:162 - (OptionalMessage_ERROR) Unable to find key (Mcu.PinsNb) in loaded IOC file
2019-06-27 20:18:21,295 [INFO] ImportTextPane:162 - (OptionalMessage_ERROR) Unable to find key (Mcu.IPNb) in loaded IOC file
2019-06-27 20:18:21,524 [INFO] UtilMem:74 - End LoadConfig() Used Memory: 529355864 Bytes (681574400)
2019-06-27 20:18:21,595 [INFO] ThirdPartyDb:293 - Open Third Party DataBase File (C:/Users/tribe/.stm32cubemx/plugins/thirdparty/db/thirdparties_db.xml) : 0 ms. number of Sw pack : 0
2019-06-27 20:18:21,776 [INFO] PinOutPanel:1361 - setPackage(No Configuration,No Configuration)
2019-06-27 20:18:21,778 [INFO] PinOutPanel:1361 - setPackage(STM32F415RGTx,LQFP64)
2019-06-27 20:18:22,109 [INFO] UtilMem:74 - Before build in PCC Used Memory: 332365016 Bytes (681574400)
2019-06-27 20:18:22,333 [INFO] SharedServices:71 - Folder for power plug-in: C:/Users/tribe/.stm32cubemx/plugins/power
2019-06-27 20:18:22,334 [INFO] UtilMem:74 - After build in PCC Used Memory: 343899352 Bytes (681574400)
2019-06-27 20:18:22,364 [INFO] LogOutputStream:68 - [STDOUT_REDIRECT] toolchainItems.length=====1
2019-06-27 20:18:22,437 [INFO] OpenFileManager:289 - Restore cursor
2019-06-27 20:18:22,615 [INFO] UtilMem:74 - End SaveConfig() Used Memory: 376646344 Bytes (681574400)
2019-06-27 20:18:22,638 [INFO] UtilMem:74 - End SaveConfig() Used Memory: 379550936 Bytes (681574400)
2019-06-27 20:18:23,012 [INFO] BlockDiagram:1879 - set Specific Code input for plugin: SYS
2019-06-27 20:18:23,012 [INFO] BlockDiagram:1879 - set Specific Code input for plugin: NVIC
2019-06-27 20:18:23,013 [INFO] CodeGenerator:572 - code generatio: config db path: C:\ST\STM32CubeIDE_1.0.0\STM32CubeIDE\plugins\com.st.stm32cube.common.mx_1.0.0.201906050926\\db\
2019-06-27 20:18:23,294 [INFO] CodeEngine:190 - oldGeneratedFile, C:\Users\tribe\Documents\Projects\Ham\DDS\DDS\DDS_SW\DDS\MXTmpFiles\license.tmp_save
2019-06-27 20:18:23,611 [INFO] CodeEngine:208 - Generated code: C:\Users\tribe\Documents\Projects\Ham\DDS\DDS\DDS_SW\DDS\MXTmpFiles\license.tmp
2019-06-27 20:18:23,721 [INFO] LogOutputStream:68 - [STDOUT_REDIRECT] Command line
2019-06-27 20:18:23,722 [INFO] LogOutputStream:68 - [STDOUT_REDIRECT] Debug : prepare data for SYS
2019-06-27 20:18:23,722 [INFO] LogOutputStream:68 - [STDOUT_REDIRECT] Command line test
2019-06-27 20:18:23,724 [INFO] LogOutputStream:68 - [STDOUT_REDIRECT] Debug : prepare data for NVIC
2019-06-27 20:18:23,724 [INFO] LogOutputStream:68 - [STDOUT_REDIRECT] Command line test
2019-06-27 20:18:23,731 [INFO] CodeEngine:190 - oldGeneratedFile, C:\Users\tribe\Documents\Projects\Ham\DDS\DDS\DDS_SW\DDS\Src\stm32f4xx_it.c_save
2019-06-27 20:18:23,839 [INFO] CodeEngine:208 - Generated code: C:\Users\tribe\Documents\Projects\Ham\DDS\DDS\DDS_SW\DDS\Src\stm32f4xx_it.c
2019-06-27 20:18:23,846 [INFO] CodeEngine:190 - oldGeneratedFile, C:\Users\tribe\Documents\Projects\Ham\DDS\DDS\DDS_SW\DDS\Inc\stm32f4xx_it.h_save
2019-06-27 20:18:23,913 [INFO] CodeEngine:208 - Generated code: C:\Users\tribe\Documents\Projects\Ham\DDS\DDS\DDS_SW\DDS\Inc\stm32f4xx_it.h
2019-06-27 20:18:23,926 [INFO] CodeEngine:190 - oldGeneratedFile, C:\Users\tribe\Documents\Projects\Ham\DDS\DDS\DDS_SW\DDS\Src\stm32f4xx_hal_msp.c_save
2019-06-27 20:18:24,056 [INFO] CodeEngine:208 - Generated code: C:\Users\tribe\Documents\Projects\Ham\DDS\DDS\DDS_SW\DDS\Src\stm32f4xx_hal_msp.c
2019-06-27 20:18:24,064 [INFO] CodeEngine:190 - oldGeneratedFile, C:\Users\tribe\Documents\Projects\Ham\DDS\DDS\DDS_SW\DDS\MXTmpFiles\system.tmp_save
2019-06-27 20:18:24,122 [INFO] CodeEngine:208 - Generated code: C:\Users\tribe\Documents\Projects\Ham\DDS\DDS\DDS_SW\DDS\MXTmpFiles\system.tmp
2019-06-27 20:18:24,132 [INFO] CodeEngine:190 - oldGeneratedFile, C:\Users\tribe\Documents\Projects\Ham\DDS\DDS\DDS_SW\DDS\Inc\stm32f4xx_hal_conf.h_save
2019-06-27 20:18:24,203 [INFO] CodeEngine:208 - Generated code: C:\Users\tribe\Documents\Projects\Ham\DDS\DDS\DDS_SW\DDS\Inc\stm32f4xx_hal_conf.h
2019-06-27 20:18:24,222 [INFO] CodeEngine:190 - oldGeneratedFile, C:\Users\tribe\Documents\Projects\Ham\DDS\DDS\DDS_SW\DDS\Inc\main.h_save
2019-06-27 20:18:24,361 [INFO] CodeEngine:208 - Generated code: C:\Users\tribe\Documents\Projects\Ham\DDS\DDS\DDS_SW\DDS\Inc\main.h
2019-06-27 20:18:24,368 [INFO] CodeEngine:190 - oldGeneratedFile, C:\Users\tribe\Documents\Projects\Ham\DDS\DDS\DDS_SW\DDS\Src\main.c_save
2019-06-27 20:18:24,464 [INFO] CodeEngine:208 - Generated code: C:\Users\tribe\Documents\Projects\Ham\DDS\DDS\DDS_SW\DDS\Src\main.c
2019-06-27 20:18:25,163 [INFO] ProjectBuilder:1500 - Time for Copy HAL[1] : 132mS.
2019-06-27 20:18:25,168 [INFO] ProjectBuilder:2068 - Project Generator version: 3.3.0
2019-06-27 20:18:25,466 [INFO] ConfigFileManager:883 - The Die is : DIE413
2019-06-27 20:18:25,470 [INFO] LogOutputStream:68 - [STDOUT_REDIRECT] configName ==Arm Cortex-M4
2019-06-27 20:18:25,678 [INFO] LogOutputStream:68 - [STDOUT_REDIRECT] memory ==name="RAM" access="xrw" start="0x20000000" size="128"
2019-06-27 20:18:25,679 [INFO] LogOutputStream:68 - [STDOUT_REDIRECT] memory ==name="CCMRAM" access="rw" start="0x10000000" size="64"
2019-06-27 20:18:25,681 [INFO] LogOutputStream:68 - [STDOUT_REDIRECT] memory ==name="FLASH" access="rx" start="0x8000000" size="1024"
2019-06-27 20:18:25,862 [INFO] LogOutputStream:68 - [STDOUT_REDIRECT] namefile= STM32CubeIDE
2019-06-27 20:18:25,863 [INFO] LogOutputStream:68 - [STDOUT_REDIRECT] method name===============generate
2019-06-27 20:18:29,523 [INFO] ProjectBuilder:2161 - Time for Generating toolchain IDE Files: 4355mS.
2019-06-27 20:18:29,524 [INFO] ProjectBuilder:1391 - Time for Copy CMSIS : 1mS.
2019-06-27 20:18:29,527 [INFO] ProjectBuilder:1391 - Time for Copy CMSIS : 0mS.
2019-06-27 20:20:08,009 [INFO] Gpio:238 - dependency for GPIO [SPI1]
2019-06-27 22:00:33,218 [INFO] UtilMem:74 - End SaveConfig() Used Memory: 309360304 Bytes (685768704)
2019-06-27 22:00:38,500 [INFO] UtilMem:74 - End SaveConfig() Used Memory: 316167672 Bytes (685768704)
2019-06-27 22:00:38,619 [INFO] BlockDiagram:1879 - set Specific Code input for plugin: SPI
2019-06-27 22:00:38,620 [INFO] BlockDiagram:1879 - set Specific Code input for plugin: SYS
2019-06-27 22:00:38,620 [INFO] BlockDiagram:1879 - set Specific Code input for plugin: NVIC
2019-06-27 22:00:38,621 [INFO] CodeGenerator:572 - code generatio: config db path: C:\ST\STM32CubeIDE_1.0.0\STM32CubeIDE\plugins\com.st.stm32cube.common.mx_1.0.0.201906050926\\db\
2019-06-27 22:00:38,784 [INFO] CodeEngine:190 - oldGeneratedFile, C:\Users\tribe\Documents\Projects\Ham\DDS\DDS\DDS_SW\DDS\MXTmpFiles\license.tmp_save
2019-06-27 22:00:38,846 [INFO] CodeEngine:208 - Generated code: C:\Users\tribe\Documents\Projects\Ham\DDS\DDS\DDS_SW\DDS\MXTmpFiles\license.tmp
2019-06-27 22:00:38,880 [INFO] CodeEngine:190 - oldGeneratedFile, C:\Users\tribe\Documents\Projects\Ham\DDS\DDS\DDS_SW\DDS\MXTmpFiles\gpio.tmp_save
2019-06-27 22:00:38,957 [INFO] CodeEngine:208 - Generated code: C:\Users\tribe\Documents\Projects\Ham\DDS\DDS\DDS_SW\DDS\MXTmpFiles\gpio.tmp
2019-06-27 22:00:38,994 [INFO] LogOutputStream:68 - [STDOUT_REDIRECT] Command line
2019-06-27 22:00:38,996 [INFO] LogOutputStream:68 - [STDOUT_REDIRECT] Debug : prepare data for SPI
2019-06-27 22:00:38,997 [INFO] LogOutputStream:68 - [STDOUT_REDIRECT] Command line test
2019-06-27 22:00:38,997 [INFO] LogOutputStream:68 - [STDOUT_REDIRECT] Command line
2019-06-27 22:00:38,997 [INFO] LogOutputStream:68 - [STDOUT_REDIRECT] Debug : prepare data for SYS
2019-06-27 22:00:38,997 [INFO] LogOutputStream:68 - [STDOUT_REDIRECT] Command line test
2019-06-27 22:00:38,997 [INFO] LogOutputStream:68 - [STDOUT_REDIRECT] Debug : prepare data for NVIC
2019-06-27 22:00:39,001 [INFO] LogOutputStream:68 - [STDOUT_REDIRECT] Command line test
2019-06-27 22:00:39,007 [INFO] CodeEngine:190 - oldGeneratedFile, C:\Users\tribe\Documents\Projects\Ham\DDS\DDS\DDS_SW\DDS\Src\stm32f4xx_it.c_save
2019-06-27 22:00:39,112 [INFO] CodeEngine:208 - Generated code: C:\Users\tribe\Documents\Projects\Ham\DDS\DDS\DDS_SW\DDS\Src\stm32f4xx_it.c
2019-06-27 22:00:39,120 [INFO] CodeEngine:190 - oldGeneratedFile, C:\Users\tribe\Documents\Projects\Ham\DDS\DDS\DDS_SW\DDS\Inc\stm32f4xx_it.h_save
2019-06-27 22:00:39,178 [INFO] CodeEngine:208 - Generated code: C:\Users\tribe\Documents\Projects\Ham\DDS\DDS\DDS_SW\DDS\Inc\stm32f4xx_it.h
2019-06-27 22:00:39,189 [INFO] CodeEngine:190 - oldGeneratedFile, C:\Users\tribe\Documents\Projects\Ham\DDS\DDS\DDS_SW\DDS\Src\stm32f4xx_hal_msp.c_save
2019-06-27 22:00:39,286 [INFO] CodeEngine:208 - Generated code: C:\Users\tribe\Documents\Projects\Ham\DDS\DDS\DDS_SW\DDS\Src\stm32f4xx_hal_msp.c
2019-06-27 22:00:39,292 [INFO] CodeEngine:190 - oldGeneratedFile, C:\Users\tribe\Documents\Projects\Ham\DDS\DDS\DDS_SW\DDS\MXTmpFiles\system.tmp_save
2019-06-27 22:00:39,349 [INFO] CodeEngine:208 - Generated code: C:\Users\tribe\Documents\Projects\Ham\DDS\DDS\DDS_SW\DDS\MXTmpFiles\system.tmp
2019-06-27 22:00:39,361 [INFO] CodeEngine:190 - oldGeneratedFile, C:\Users\tribe\Documents\Projects\Ham\DDS\DDS\DDS_SW\DDS\Inc\stm32f4xx_hal_conf.h_save
2019-06-27 22:00:39,458 [INFO] CodeEngine:208 - Generated code: C:\Users\tribe\Documents\Projects\Ham\DDS\DDS\DDS_SW\DDS\Inc\stm32f4xx_hal_conf.h
2019-06-27 22:00:39,467 [WARN] IPConfigManager:2556 - IP not found : gpio
2019-06-27 22:00:39,469 [WARN] CodeGenerator:2532 - IP not found : gpio
2019-06-27 22:00:39,477 [INFO] CodeEngine:190 - oldGeneratedFile, C:\Users\tribe\Documents\Projects\Ham\DDS\DDS\DDS_SW\DDS\Inc\main.h_save
2019-06-27 22:00:39,651 [INFO] CodeEngine:208 - Generated code: C:\Users\tribe\Documents\Projects\Ham\DDS\DDS\DDS_SW\DDS\Inc\main.h
2019-06-27 22:00:39,662 [INFO] CodeEngine:190 - oldGeneratedFile, C:\Users\tribe\Documents\Projects\Ham\DDS\DDS\DDS_SW\DDS\Src\main.c_save
2019-06-27 22:00:39,832 [INFO] CodeEngine:208 - Generated code: C:\Users\tribe\Documents\Projects\Ham\DDS\DDS\DDS_SW\DDS\Src\main.c
2019-06-27 22:00:40,634 [INFO] ProjectBuilder:1500 - Time for Copy HAL[1] : 170mS.
2019-06-27 22:00:40,638 [INFO] ProjectBuilder:2068 - Project Generator version: 3.3.0
2019-06-27 22:00:40,823 [INFO] ConfigFileManager:883 - The Die is : DIE413
2019-06-27 22:00:40,823 [INFO] LogOutputStream:68 - [STDOUT_REDIRECT] configName ==Arm Cortex-M4
2019-06-27 22:00:41,092 [INFO] LogOutputStream:68 - [STDOUT_REDIRECT] memory ==name="RAM" access="xrw" start="0x20000000" size="128"
2019-06-27 22:00:41,093 [INFO] LogOutputStream:68 - [STDOUT_REDIRECT] memory ==name="CCMRAM" access="rw" start="0x10000000" size="64"
2019-06-27 22:00:41,096 [INFO] LogOutputStream:68 - [STDOUT_REDIRECT] memory ==name="FLASH" access="rx" start="0x8000000" size="1024"
2019-06-27 22:00:41,429 [INFO] LogOutputStream:68 - [STDOUT_REDIRECT] namefile= STM32CubeIDE
2019-06-27 22:00:41,433 [INFO] LogOutputStream:68 - [STDOUT_REDIRECT] method name===============update
2019-06-27 22:00:42,169 [INFO] ProjectBuilder:2161 - Time for Generating toolchain IDE Files: 1531mS.
2019-06-27 22:00:42,173 [INFO] ProjectBuilder:1391 - Time for Copy CMSIS : 4mS.
2019-06-27 22:00:42,189 [INFO] ProjectBuilder:1391 - Time for Copy CMSIS : 0mS.
